#
# There is insufficient memory for the Java Runtime Environment to continue.
# Native memory allocation (malloc) failed to allocate 70768 bytes for Chunk::new
# Possible reasons:
#   The system is out of physical RAM or swap space
#   The process is running with CompressedOops enabled, and the Java Heap may be blocking the growth of the native heap
# Possible solutions:
#   Reduce memory load on the system
#   Increase physical memory or swap space
#   Check if swap backing store is full
#   Decrease Java heap size (-Xmx/-Xms)
#   Decrease number of Java threads
#   Decrease Java thread stack sizes (-Xss)
#   Set larger code cache with -XX:ReservedCodeCacheSize=
#   JVM is running with Unscaled Compressed Oops mode in which the Java heap is
#     placed in the first 4GB address space. The Java Heap base address is the
#     maximum limit for the native heap growth. Please use -XX:HeapBaseMinAddress
#     to set the Java Heap base and to place the Java Heap above 4GB virtual address.
# This output file may be truncated or incomplete.
#
#  Out of Memory Error (arena.cpp:189), pid=30744, tid=34312
#
# JRE version: Java(TM) SE Runtime Environment (17.0.5+9) (build 17.0.5+9-LTS-191)
# Java VM: Java HotSpot(TM) 64-Bit Server VM (17.0.5+9-LTS-191, mixed mode, sharing, tiered, compressed oops, compressed class ptrs, g1 gc, windows-amd64)
# No core dump will be written. Minidumps are not enabled by default on client versions of Windows
#

---------------  S U M M A R Y ------------

Command Line: -DwatchParentProcess=false -XX:+ExitOnOutOfMemoryError -XX:+HeapDumpOnOutOfMemoryError -XX:HeapDumpPath=c:\Users\tjdng\AppData\Roaming\Code\User\globalStorage\redhat.vscode-xml -Xmx64M org.eclipse.lemminx.XMLServerLauncher

Host: Intel(R) Core(TM) i7-7700HQ CPU @ 2.80GHz, 8 cores, 15G,  Windows 10 , 64 bit Build 19041 (10.0.19041.3031)
Time: Sun Jun 25 15:39:54 2023  Windows 10 , 64 bit Build 19041 (10.0.19041.3031) elapsed time: 3.479281 seconds (0d 0h 0m 3s)

---------------  T H R E A D  ---------------

Current thread (0x00000264b66004e0):  JavaThread "C2 CompilerThread0" daemon [_thread_in_native, id=34312, stack(0x000000dfc4f00000,0x000000dfc5000000)]


Current CompileTask:
C2:   3479 1454 %     4       java.lang.StringLatin1::indexOf @ 30 (121 bytes)

Stack: [0x000000dfc4f00000,0x000000dfc5000000]
Native frames: (J=compiled Java code, j=interpreted, Vv=VM code, C=native code)
V  [jvm.dll+0x672eea]
V  [jvm.dll+0x7d2a04]
V  [jvm.dll+0x7d41ae]
V  [jvm.dll+0x7d4813]
V  [jvm.dll+0x242c15]
V  [jvm.dll+0xaa57b]
V  [jvm.dll+0xaab0c]
V  [jvm.dll+0x35ff97]
V  [jvm.dll+0x32a631]
V  [jvm.dll+0x329ada]
V  [jvm.dll+0x215cc1]
V  [jvm.dll+0x2150e1]
V  [jvm.dll+0x1a18ed]
V  [jvm.dll+0x22493a]
V  [jvm.dll+0x222aa5]
V  [jvm.dll+0x7885db]
V  [jvm.dll+0x782b4a]
V  [jvm.dll+0x671d75]
C  [ucrtbase.dll+0x21bb2]
C  [KERNEL32.DLL+0x17614]
C  [ntdll.dll+0x526f1]


---------------  P R O C E S S  ---------------

Threads class SMR info:
_java_thread_list=0x00000264b7369e10, length=16, elements={
0x00000264b65e25e0, 0x00000264b65e3450, 0x00000264b65fa320, 0x00000264b65fc2e0,
0x00000264b65feda0, 0x00000264b65ff750, 0x00000264b66004e0, 0x00000264b66033a0,
0x00000264b6605da0, 0x00000264b7043c30, 0x00000264b70462c0, 0x00000264b72f9bc0,
0x000002649cebe8c0, 0x00000264b741c7d0, 0x00000264b7543f90, 0x00000264b736a140
}

Java Threads: ( => current thread )
  0x00000264b65e25e0 JavaThread "Reference Handler" daemon [_thread_blocked, id=29032, stack(0x000000dfc4900000,0x000000dfc4a00000)]
  0x00000264b65e3450 JavaThread "Finalizer" daemon [_thread_blocked, id=28272, stack(0x000000dfc4a00000,0x000000dfc4b00000)]
  0x00000264b65fa320 JavaThread "Signal Dispatcher" daemon [_thread_blocked, id=12044, stack(0x000000dfc4b00000,0x000000dfc4c00000)]
  0x00000264b65fc2e0 JavaThread "Attach Listener" daemon [_thread_blocked, id=29872, stack(0x000000dfc4c00000,0x000000dfc4d00000)]
  0x00000264b65feda0 JavaThread "Service Thread" daemon [_thread_blocked, id=31812, stack(0x000000dfc4d00000,0x000000dfc4e00000)]
  0x00000264b65ff750 JavaThread "Monitor Deflation Thread" daemon [_thread_blocked, id=26256, stack(0x000000dfc4e00000,0x000000dfc4f00000)]
=>0x00000264b66004e0 JavaThread "C2 CompilerThread0" daemon [_thread_in_native, id=34312, stack(0x000000dfc4f00000,0x000000dfc5000000)]
  0x00000264b66033a0 JavaThread "C1 CompilerThread0" daemon [_thread_blocked, id=33092, stack(0x000000dfc5000000,0x000000dfc5100000)]
  0x00000264b6605da0 JavaThread "Sweeper thread" daemon [_thread_blocked, id=7324, stack(0x000000dfc5100000,0x000000dfc5200000)]
  0x00000264b7043c30 JavaThread "Notification Thread" daemon [_thread_blocked, id=18764, stack(0x000000dfc5300000,0x000000dfc5400000)]
  0x00000264b70462c0 JavaThread "Common-Cleaner" daemon [_thread_blocked, id=30196, stack(0x000000dfc5500000,0x000000dfc5600000)]
  0x00000264b72f9bc0 JavaThread "pool-4-thread-1" [_thread_in_native, id=31576, stack(0x000000dfc5600000,0x000000dfc5700000)]
  0x000002649cebe8c0 JavaThread "DestroyJavaVM" [_thread_blocked, id=9928, stack(0x000000dfc4100000,0x000000dfc4200000)]
  0x00000264b741c7d0 JavaThread "pool-5-thread-1" [_thread_blocked, id=14816, stack(0x000000dfc5700000,0x000000dfc5800000)]
  0x00000264b7543f90 JavaThread "ForkJoinPool.commonPool-worker-1" daemon [_thread_blocked, id=29976, stack(0x000000dfc5800000,0x000000dfc5900000)]
  0x00000264b736a140 JavaThread "ForkJoinPool.commonPool-worker-2" daemon [_thread_in_native, id=5076, stack(0x000000dfc5900000,0x000000dfc5a00000)]

Other Threads:
  0x000002649cf9c170 VMThread "VM Thread" [stack: 0x000000dfc4800000,0x000000dfc4900000] [id=4268]
  0x00000264b6608010 WatcherThread [stack: 0x000000dfc5400000,0x000000dfc5500000] [id=25244]
  0x000002649cedc810 GCTaskThread "GC Thread#0" [stack: 0x000000dfc4300000,0x000000dfc4400000] [id=17488]
  0x00000264b76cb3c0 GCTaskThread "GC Thread#1" [stack: 0x000000dfc5a00000,0x000000dfc5b00000] [id=30132]
  0x00000264b74a18d0 GCTaskThread "GC Thread#2" [stack: 0x000000dfc5b00000,0x000000dfc5c00000] [id=26632]
  0x00000264b74a1b80 GCTaskThread "GC Thread#3" [stack: 0x000000dfc5c00000,0x000000dfc5d00000] [id=12700]
  0x00000264b7496460 GCTaskThread "GC Thread#4" [stack: 0x000000dfc5d00000,0x000000dfc5e00000] [id=3300]
  0x00000264b76ca7b0 GCTaskThread "GC Thread#5" [stack: 0x000000dfc5e00000,0x000000dfc5f00000] [id=3316]
  0x00000264b7477a10 GCTaskThread "GC Thread#6" [stack: 0x000000dfc5f00000,0x000000dfc6000000] [id=14460]
  0x00000264b7505b10 GCTaskThread "GC Thread#7" [stack: 0x000000dfc6000000,0x000000dfc6100000] [id=1708]
  0x000002649cedf360 ConcurrentGCThread "G1 Main Marker" [stack: 0x000000dfc4400000,0x000000dfc4500000] [id=22088]
  0x000002649cee0d80 ConcurrentGCThread "G1 Conc#0" [stack: 0x000000dfc4500000,0x000000dfc4600000] [id=12340]
  0x000002649cf3f8b0 ConcurrentGCThread "G1 Refine#0" [stack: 0x000000dfc4600000,0x000000dfc4700000] [id=31404]
  0x000002649cf402d0 ConcurrentGCThread "G1 Service" [stack: 0x000000dfc4700000,0x000000dfc4800000] [id=31320]

Threads with active compile tasks:
C2 CompilerThread0     3530 1454 %     4       java.lang.StringLatin1::indexOf @ 30 (121 bytes)

VM state: not at safepoint (normal execution)

VM Mutex/Monitor currently owned by a thread: None

Heap address: 0x00000000fc000000, size: 64 MB, Compressed Oops mode: 32-bit

CDS archive(s) mapped at: [0x0000000800000000-0x0000000800bd0000-0x0000000800bd0000), size 12386304, SharedBaseAddress: 0x0000000800000000, ArchiveRelocationMode: 0.
Compressed class space mapped at: 0x0000000800c00000-0x0000000840c00000, reserved size: 1073741824
Narrow klass base: 0x0000000800000000, Narrow klass shift: 0, Narrow klass range: 0x100000000

GC Precious Log:
 CPUs: 8 total, 8 available
 Memory: 16304M
 Large Page Support: Disabled
 NUMA Support: Disabled
 Compressed Oops: Enabled (32-bit)
 Heap Region Size: 1M
 Heap Min Capacity: 8M
 Heap Initial Capacity: 64M
 Heap Max Capacity: 64M
 Pre-touch: Disabled
 Parallel Workers: 8
 Concurrent Workers: 2
 Concurrent Refinement Workers: 8
 Periodic GC: Disabled

Heap:
 garbage-first heap   total 65536K, used 6023K [0x00000000fc000000, 0x0000000100000000)
  region size 1024K, 5 young (5120K), 3 survivors (3072K)
 Metaspace       used 8227K, committed 8448K, reserved 1056768K
  class space    used 1008K, committed 1088K, reserved 1048576K

Heap Regions: E=young(eden), S=young(survivor), O=old, HS=humongous(starts), HC=humongous(continues), CS=collection set, F=free, OA=open archive, CA=closed archive, TAMS=top-at-mark-start (previous, next)
|   0|0x00000000fc000000, 0x00000000fc100000, 0x00000000fc100000|100%|HS|  |TAMS 0x00000000fc000000, 0x00000000fc000000| Complete 
|   1|0x00000000fc100000, 0x00000000fc1e1c00, 0x00000000fc200000| 88%| O|  |TAMS 0x00000000fc100000, 0x00000000fc100000| Untracked 
|   2|0x00000000fc200000, 0x00000000fc200000, 0x00000000fc300000|  0%| F|  |TAMS 0x00000000fc200000, 0x00000000fc200000| Untracked 
|   3|0x00000000fc300000, 0x00000000fc300000, 0x00000000fc400000|  0%| F|  |TAMS 0x00000000fc300000, 0x00000000fc300000| Untracked 
|   4|0x00000000fc400000, 0x00000000fc400000, 0x00000000fc500000|  0%| F|  |TAMS 0x00000000fc400000, 0x00000000fc400000| Untracked 
|   5|0x00000000fc500000, 0x00000000fc500000, 0x00000000fc600000|  0%| F|  |TAMS 0x00000000fc500000, 0x00000000fc500000| Untracked 
|   6|0x00000000fc600000, 0x00000000fc600000, 0x00000000fc700000|  0%| F|  |TAMS 0x00000000fc600000, 0x00000000fc600000| Untracked 
|   7|0x00000000fc700000, 0x00000000fc700000, 0x00000000fc800000|  0%| F|  |TAMS 0x00000000fc700000, 0x00000000fc700000| Untracked 
|   8|0x00000000fc800000, 0x00000000fc800000, 0x00000000fc900000|  0%| F|  |TAMS 0x00000000fc800000, 0x00000000fc800000| Untracked 
|   9|0x00000000fc900000, 0x00000000fc900000, 0x00000000fca00000|  0%| F|  |TAMS 0x00000000fc900000, 0x00000000fc900000| Untracked 
|  10|0x00000000fca00000, 0x00000000fca00000, 0x00000000fcb00000|  0%| F|  |TAMS 0x00000000fca00000, 0x00000000fca00000| Untracked 
|  11|0x00000000fcb00000, 0x00000000fcb00000, 0x00000000fcc00000|  0%| F|  |TAMS 0x00000000fcb00000, 0x00000000fcb00000| Untracked 
|  12|0x00000000fcc00000, 0x00000000fcc00000, 0x00000000fcd00000|  0%| F|  |TAMS 0x00000000fcc00000, 0x00000000fcc00000| Untracked 
|  13|0x00000000fcd00000, 0x00000000fcd00000, 0x00000000fce00000|  0%| F|  |TAMS 0x00000000fcd00000, 0x00000000fcd00000| Untracked 
|  14|0x00000000fce00000, 0x00000000fce00000, 0x00000000fcf00000|  0%| F|  |TAMS 0x00000000fce00000, 0x00000000fce00000| Untracked 
|  15|0x00000000fcf00000, 0x00000000fcf00000, 0x00000000fd000000|  0%| F|  |TAMS 0x00000000fcf00000, 0x00000000fcf00000| Untracked 
|  16|0x00000000fd000000, 0x00000000fd000000, 0x00000000fd100000|  0%| F|  |TAMS 0x00000000fd000000, 0x00000000fd000000| Untracked 
|  17|0x00000000fd100000, 0x00000000fd100000, 0x00000000fd200000|  0%| F|  |TAMS 0x00000000fd100000, 0x00000000fd100000| Untracked 
|  18|0x00000000fd200000, 0x00000000fd200000, 0x00000000fd300000|  0%| F|  |TAMS 0x00000000fd200000, 0x00000000fd200000| Untracked 
|  19|0x00000000fd300000, 0x00000000fd300000, 0x00000000fd400000|  0%| F|  |TAMS 0x00000000fd300000, 0x00000000fd300000| Untracked 
|  20|0x00000000fd400000, 0x00000000fd400000, 0x00000000fd500000|  0%| F|  |TAMS 0x00000000fd400000, 0x00000000fd400000| Untracked 
|  21|0x00000000fd500000, 0x00000000fd500000, 0x00000000fd600000|  0%| F|  |TAMS 0x00000000fd500000, 0x00000000fd500000| Untracked 
|  22|0x00000000fd600000, 0x00000000fd600000, 0x00000000fd700000|  0%| F|  |TAMS 0x00000000fd600000, 0x00000000fd600000| Untracked 
|  23|0x00000000fd700000, 0x00000000fd700000, 0x00000000fd800000|  0%| F|  |TAMS 0x00000000fd700000, 0x00000000fd700000| Untracked 
|  24|0x00000000fd800000, 0x00000000fd800000, 0x00000000fd900000|  0%| F|  |TAMS 0x00000000fd800000, 0x00000000fd800000| Untracked 
|  25|0x00000000fd900000, 0x00000000fd900000, 0x00000000fda00000|  0%| F|  |TAMS 0x00000000fd900000, 0x00000000fd900000| Untracked 
|  26|0x00000000fda00000, 0x00000000fda00000, 0x00000000fdb00000|  0%| F|  |TAMS 0x00000000fda00000, 0x00000000fda00000| Untracked 
|  27|0x00000000fdb00000, 0x00000000fdb00000, 0x00000000fdc00000|  0%| F|  |TAMS 0x00000000fdb00000, 0x00000000fdb00000| Untracked 
|  28|0x00000000fdc00000, 0x00000000fdc00000, 0x00000000fdd00000|  0%| F|  |TAMS 0x00000000fdc00000, 0x00000000fdc00000| Untracked 
|  29|0x00000000fdd00000, 0x00000000fdd00000, 0x00000000fde00000|  0%| F|  |TAMS 0x00000000fdd00000, 0x00000000fdd00000| Untracked 
|  30|0x00000000fde00000, 0x00000000fde00000, 0x00000000fdf00000|  0%| F|  |TAMS 0x00000000fde00000, 0x00000000fde00000| Untracked 
|  31|0x00000000fdf00000, 0x00000000fdf00000, 0x00000000fe000000|  0%| F|  |TAMS 0x00000000fdf00000, 0x00000000fdf00000| Untracked 
|  32|0x00000000fe000000, 0x00000000fe000000, 0x00000000fe100000|  0%| F|  |TAMS 0x00000000fe000000, 0x00000000fe000000| Untracked 
|  33|0x00000000fe100000, 0x00000000fe100000, 0x00000000fe200000|  0%| F|  |TAMS 0x00000000fe100000, 0x00000000fe100000| Untracked 
|  34|0x00000000fe200000, 0x00000000fe200000, 0x00000000fe300000|  0%| F|  |TAMS 0x00000000fe200000, 0x00000000fe200000| Untracked 
|  35|0x00000000fe300000, 0x00000000fe300000, 0x00000000fe400000|  0%| F|  |TAMS 0x00000000fe300000, 0x00000000fe300000| Untracked 
|  36|0x00000000fe400000, 0x00000000fe400000, 0x00000000fe500000|  0%| F|  |TAMS 0x00000000fe400000, 0x00000000fe400000| Untracked 
|  37|0x00000000fe500000, 0x00000000fe500000, 0x00000000fe600000|  0%| F|  |TAMS 0x00000000fe500000, 0x00000000fe500000| Untracked 
|  38|0x00000000fe600000, 0x00000000fe700000, 0x00000000fe700000|100%| S|CS|TAMS 0x00000000fe600000, 0x00000000fe600000| Complete 
|  39|0x00000000fe700000, 0x00000000fe800000, 0x00000000fe800000|100%| S|CS|TAMS 0x00000000fe700000, 0x00000000fe700000| Complete 
|  40|0x00000000fe800000, 0x00000000fe900000, 0x00000000fe900000|100%| S|CS|TAMS 0x00000000fe800000, 0x00000000fe800000| Complete 
|  41|0x00000000fe900000, 0x00000000fe900000, 0x00000000fea00000|  0%| F|  |TAMS 0x00000000fe900000, 0x00000000fe900000| Untracked 
|  42|0x00000000fea00000, 0x00000000fea00000, 0x00000000feb00000|  0%| F|  |TAMS 0x00000000fea00000, 0x00000000fea00000| Untracked 
|  43|0x00000000feb00000, 0x00000000feb00000, 0x00000000fec00000|  0%| F|  |TAMS 0x00000000feb00000, 0x00000000feb00000| Untracked 
|  44|0x00000000fec00000, 0x00000000fec00000, 0x00000000fed00000|  0%| F|  |TAMS 0x00000000fec00000, 0x00000000fec00000| Untracked 
|  45|0x00000000fed00000, 0x00000000fed00000, 0x00000000fee00000|  0%| F|  |TAMS 0x00000000fed00000, 0x00000000fed00000| Untracked 
|  46|0x00000000fee00000, 0x00000000fee00000, 0x00000000fef00000|  0%| F|  |TAMS 0x00000000fee00000, 0x00000000fee00000| Untracked 
|  47|0x00000000fef00000, 0x00000000fef00000, 0x00000000ff000000|  0%| F|  |TAMS 0x00000000fef00000, 0x00000000fef00000| Untracked 
|  48|0x00000000ff000000, 0x00000000ff000000, 0x00000000ff100000|  0%| F|  |TAMS 0x00000000ff000000, 0x00000000ff000000| Untracked 
|  49|0x00000000ff100000, 0x00000000ff100000, 0x00000000ff200000|  0%| F|  |TAMS 0x00000000ff100000, 0x00000000ff100000| Untracked 
|  50|0x00000000ff200000, 0x00000000ff200000, 0x00000000ff300000|  0%| F|  |TAMS 0x00000000ff200000, 0x00000000ff200000| Untracked 
|  51|0x00000000ff300000, 0x00000000ff300000, 0x00000000ff400000|  0%| F|  |TAMS 0x00000000ff300000, 0x00000000ff300000| Untracked 
|  52|0x00000000ff400000, 0x00000000ff400000, 0x00000000ff500000|  0%| F|  |TAMS 0x00000000ff400000, 0x00000000ff400000| Untracked 
|  53|0x00000000ff500000, 0x00000000ff500000, 0x00000000ff600000|  0%| F|  |TAMS 0x00000000ff500000, 0x00000000ff500000| Untracked 
|  54|0x00000000ff600000, 0x00000000ff600000, 0x00000000ff700000|  0%| F|  |TAMS 0x00000000ff600000, 0x00000000ff600000| Untracked 
|  55|0x00000000ff700000, 0x00000000ff700000, 0x00000000ff800000|  0%| F|  |TAMS 0x00000000ff700000, 0x00000000ff700000| Untracked 
|  56|0x00000000ff800000, 0x00000000ff800000, 0x00000000ff900000|  0%| F|  |TAMS 0x00000000ff800000, 0x00000000ff800000| Untracked 
|  57|0x00000000ff900000, 0x00000000ff900000, 0x00000000ffa00000|  0%| F|  |TAMS 0x00000000ff900000, 0x00000000ff900000| Untracked 
|  58|0x00000000ffa00000, 0x00000000ffa00000, 0x00000000ffb00000|  0%| F|  |TAMS 0x00000000ffa00000, 0x00000000ffa00000| Untracked 
|  59|0x00000000ffb00000, 0x00000000ffb00000, 0x00000000ffc00000|  0%| F|  |TAMS 0x00000000ffb00000, 0x00000000ffb00000| Untracked 
|  60|0x00000000ffc00000, 0x00000000ffc00000, 0x00000000ffd00000|  0%| F|  |TAMS 0x00000000ffc00000, 0x00000000ffc00000| Untracked 
|  61|0x00000000ffd00000, 0x00000000ffd00000, 0x00000000ffe00000|  0%| F|  |TAMS 0x00000000ffd00000, 0x00000000ffd00000| Untracked 
|  62|0x00000000ffe00000, 0x00000000fff00000, 0x00000000fff00000|100%| E|  |TAMS 0x00000000ffe00000, 0x00000000ffe00000| Complete 
|  63|0x00000000fff00000, 0x0000000100000000, 0x0000000100000000|100%| E|CS|TAMS 0x00000000fff00000, 0x00000000fff00000| Complete 

Card table byte_map: [0x000002649cdd0000,0x000002649cdf0000] _byte_map_base: 0x000002649c5f0000

Marking Bits (Prev, Next): (CMBitMap*) 0x000002649cede230, (CMBitMap*) 0x000002649cede270
 Prev Bits: [0x00000264b3a70000, 0x00000264b3b70000)
 Next Bits: [0x00000264b3b70000, 0x00000264b3c70000)

Polling page: 0x000002649ae90000

Metaspace:

Usage:
  Non-class:      7.09 MB used.
      Class:   1015.66 KB used.
       Both:      8.08 MB used.

Virtual space:
  Non-class space:        8.00 MB reserved,       7.19 MB ( 90%) committed,  1 nodes.
      Class space:        1.00 GB reserved,       1.06 MB ( <1%) committed,  1 nodes.
             Both:        1.01 GB reserved,       8.25 MB ( <1%) committed. 

Chunk freelists:
   Non-Class:  16.00 KB
       Class:  2.83 MB
        Both:  2.84 MB

MaxMetaspaceSize: unlimited
CompressedClassSpaceSize: 1.00 GB
Initial GC threshold: 21.00 MB
Current GC threshold: 21.00 MB
CDS: on
MetaspaceReclaimPolicy: balanced
 - commit_granule_bytes: 65536.
 - commit_granule_words: 8192.
 - virtual_space_node_default_size: 1048576.
 - enlarge_chunks_in_place: 1.
 - new_chunks_are_fully_committed: 0.
 - uncommit_free_chunks: 1.
 - use_allocation_guard: 0.
 - handle_deallocations: 1.


Internal statistics:

num_allocs_failed_limit: 0.
num_arena_births: 62.
num_arena_deaths: 0.
num_vsnodes_births: 2.
num_vsnodes_deaths: 0.
num_space_committed: 132.
num_space_uncommitted: 0.
num_chunks_returned_to_freelist: 0.
num_chunks_taken_from_freelist: 287.
num_chunk_merges: 0.
num_chunk_splits: 190.
num_chunks_enlarged: 153.
num_purges: 0.
num_inconsistent_stats: 0.

CodeHeap 'non-profiled nmethods': size=120000Kb used=399Kb max_used=399Kb free=119600Kb
 bounds [0x00000264ac210000, 0x00000264ac480000, 0x00000264b3740000]
CodeHeap 'profiled nmethods': size=120000Kb used=2823Kb max_used=2823Kb free=117176Kb
 bounds [0x00000264a4ce0000, 0x00000264a4fb0000, 0x00000264ac210000]
CodeHeap 'non-nmethods': size=5760Kb used=1175Kb max_used=1197Kb free=4584Kb
 bounds [0x00000264a4740000, 0x00000264a49b0000, 0x00000264a4ce0000]
 total_blobs=1936 nmethods=1464 adapters=385
 compilation: enabled
              stopped_count=0, restarted_count=0
 full_count=0

Compilation events (20 events):
Event: 3.462 Thread 0x00000264b66033a0 nmethod 1443 0x00000264a4f94390 code [0x00000264a4f945e0, 0x00000264a4f95088]
Event: 3.462 Thread 0x00000264b66033a0 1444       3       java.lang.Class::getDeclaredFields (27 bytes)
Event: 3.462 Thread 0x00000264b66033a0 nmethod 1444 0x00000264a4f95510 code [0x00000264a4f95700, 0x00000264a4f95a18]
Event: 3.462 Thread 0x00000264b66033a0 1445       3       com.google.gson.internal.bind.ReflectiveTypeAdapterFactory::create (143 bytes)
Event: 3.464 Thread 0x00000264b66033a0 nmethod 1445 0x00000264a4f95b90 code [0x00000264a4f95f60, 0x00000264a4f97748]
Event: 3.464 Thread 0x00000264b66033a0 1451   !   3       java.lang.invoke.MemberName::clone (14 bytes)
Event: 3.464 Thread 0x00000264b66033a0 nmethod 1451 0x00000264a4f98110 code [0x00000264a4f982e0, 0x00000264a4f98658]
Event: 3.464 Thread 0x00000264b66033a0 1450       3       java.lang.Class::privateGetDeclaredConstructors (79 bytes)
Event: 3.465 Thread 0x00000264b66033a0 nmethod 1450 0x00000264a4f98810 code [0x00000264a4f98a00, 0x00000264a4f98f48]
Event: 3.465 Thread 0x00000264b66033a0 1448       3       com.google.gson.internal.bind.JsonTreeReader::nextName (6 bytes)
Event: 3.465 Thread 0x00000264b66033a0 nmethod 1448 0x00000264a4f99110 code [0x00000264a4f992a0, 0x00000264a4f993e8]
Event: 3.465 Thread 0x00000264b66033a0 1449       3       com.google.gson.internal.bind.JsonTreeReader::nextName (71 bytes)
Event: 3.466 Thread 0x00000264b66033a0 nmethod 1449 0x00000264a4f99490 code [0x00000264a4f996c0, 0x00000264a4f9a088]
Event: 3.466 Thread 0x00000264b66033a0 1447       3       com.google.gson.JsonPrimitive::isBoolean (8 bytes)
Event: 3.466 Thread 0x00000264b66033a0 nmethod 1447 0x00000264a4f9a310 code [0x00000264a4f9a4a0, 0x00000264a4f9a6b8]
Event: 3.466 Thread 0x00000264b66033a0 1446       1       java.lang.Enum::toString (5 bytes)
Event: 3.466 Thread 0x00000264b66033a0 nmethod 1446 0x00000264ac273290 code [0x00000264ac273420, 0x00000264ac2734f8]
Event: 3.470 Thread 0x00000264b66033a0 1453       3       java.util.HashMap::get (19 bytes)
Event: 3.471 Thread 0x00000264b66033a0 nmethod 1453 0x00000264a4f9a790 code [0x00000264a4f9a940, 0x00000264a4f9ab08]
Event: 3.473 Thread 0x00000264b66004e0 1454 %     4       java.lang.StringLatin1::indexOf @ 30 (121 bytes)

GC Heap History (1 events):
Event: 3.477 GC heap before
{Heap before GC invocations=0 (full 0):
 garbage-first heap   total 65536K, used 23552K [0x00000000fc000000, 0x0000000100000000)
  region size 1024K, 23 young (23552K), 0 survivors (0K)
 Metaspace       used 7802K, committed 7936K, reserved 1056768K
  class space    used 949K, committed 1024K, reserved 1048576K
}

Deoptimization events (20 events):
Event: 3.302 Thread 0x00000264b736a140 DEOPT PACKING pc=0x00000264ac246c68 sp=0x000000dfc59fea30
Event: 3.302 Thread 0x00000264b736a140 DEOPT UNPACKING pc=0x00000264a47923a3 sp=0x000000dfc59fe9b0 mode 2
Event: 3.303 Thread 0x00000264b7543f90 Uncommon trap: trap_request=0xffffff45 fr.pc=0x00000264ac24017c relative=0x00000000000004dc
Event: 3.303 Thread 0x00000264b7543f90 Uncommon trap: reason=unstable_if action=reinterpret pc=0x00000264ac24017c method=java.lang.String.substring(II)Ljava/lang/String; @ 31 c2
Event: 3.303 Thread 0x00000264b7543f90 DEOPT PACKING pc=0x00000264ac24017c sp=0x000000dfc58fe950
Event: 3.303 Thread 0x00000264b7543f90 DEOPT UNPACKING pc=0x00000264a47923a3 sp=0x000000dfc58fe908 mode 2
Event: 3.303 Thread 0x00000264b736a140 Uncommon trap: trap_request=0xffffff45 fr.pc=0x00000264ac23b0ec relative=0x000000000000016c
Event: 3.303 Thread 0x00000264b7543f90 Uncommon trap: trap_request=0xffffff45 fr.pc=0x00000264ac23b0ec relative=0x000000000000016c
Event: 3.303 Thread 0x00000264b736a140 Uncommon trap: reason=unstable_if action=reinterpret pc=0x00000264ac23b0ec method=java.lang.StringLatin1.indexOf([BII)I @ 4 c2
Event: 3.303 Thread 0x00000264b7543f90 Uncommon trap: reason=unstable_if action=reinterpret pc=0x00000264ac23b0ec method=java.lang.StringLatin1.indexOf([BII)I @ 4 c2
Event: 3.303 Thread 0x00000264b7543f90 DEOPT PACKING pc=0x00000264ac23b0ec sp=0x000000dfc58fe650
Event: 3.303 Thread 0x00000264b736a140 DEOPT PACKING pc=0x00000264ac23b0ec sp=0x000000dfc59fea80
Event: 3.303 Thread 0x00000264b7543f90 DEOPT UNPACKING pc=0x00000264a47923a3 sp=0x000000dfc58fe5e0 mode 2
Event: 3.303 Thread 0x00000264b736a140 DEOPT UNPACKING pc=0x00000264a47923a3 sp=0x000000dfc59fea10 mode 2
Event: 3.411 Thread 0x00000264b7543f90 DEOPT PACKING pc=0x00000264a4db58a7 sp=0x000000dfc58fda70
Event: 3.411 Thread 0x00000264b7543f90 DEOPT UNPACKING pc=0x00000264a4792b43 sp=0x000000dfc58fced0 mode 0
Event: 3.449 Thread 0x00000264b7543f90 Uncommon trap: trap_request=0xffffff45 fr.pc=0x00000264ac2722f0 relative=0x0000000000000330
Event: 3.449 Thread 0x00000264b7543f90 Uncommon trap: reason=unstable_if action=reinterpret pc=0x00000264ac2722f0 method=java.util.HashMap.hash(Ljava/lang/Object;)I @ 1 c2
Event: 3.449 Thread 0x00000264b7543f90 DEOPT PACKING pc=0x00000264ac2722f0 sp=0x000000dfc58fe7f0
Event: 3.449 Thread 0x00000264b7543f90 DEOPT UNPACKING pc=0x00000264a47923a3 sp=0x000000dfc58fe688 mode 2

Classes unloaded (0 events):
No events

Classes redefined (0 events):
No events

Internal exceptions (15 events):
Event: 1.089 Thread 0x000002649cebe8c0 Exception <a 'java/lang/NoSuchMethodError'{0x00000000ffc6bc48}: 'void java.lang.invoke.DirectMethodHandle$Holder.invokeSpecial(java.lang.Object, java.lang.Object, java.lang.Object)'> (0x00000000ffc6bc48) 
thrown [s\open\src\hotspot\share\interpreter\linkResolver.cpp, line 759]
Event: 1.268 Thread 0x000002649cebe8c0 Exception <a 'java/lang/NoSuchMethodError'{0x00000000ffbbda70}: 'void java.lang.invoke.DirectMethodHandle$Holder.invokeStatic(java.lang.Object, java.lang.Object, java.lang.Object)'> (0x00000000ffbbda70) 
thrown [s\open\src\hotspot\share\interpreter\linkResolver.cpp, line 759]
Event: 1.380 Thread 0x000002649cebe8c0 Exception <a 'java/lang/NoSuchMethodError'{0x00000000ffa6f420}: 'void java.lang.invoke.DirectMethodHandle$Holder.invokeStatic(java.lang.Object, java.lang.Object, java.lang.Object, java.lang.Object)'> (0x00000000ffa6f420) 
thrown [s\open\src\hotspot\share\interpreter\linkResolver.cpp, line 759]
Event: 2.042 Thread 0x000002649cebe8c0 Exception <a 'java/lang/NoSuchMethodError'{0x00000000ff6613e8}: 'java.lang.Object java.lang.invoke.DirectMethodHandle$Holder.newInvokeSpecial(java.lang.Object, java.lang.Object, java.lang.Object, java.lang.Object, java.lang.Object)'> (0x00000000ff6613e8) 
thrown [s\open\src\hotspot\share\interpreter\linkResolver.cpp, line 759]
Event: 2.043 Thread 0x000002649cebe8c0 Exception <a 'java/lang/NoSuchMethodError'{0x00000000ff666d00}: 'java.lang.Object java.lang.invoke.DirectMethodHandle$Holder.invokeInterface(java.lang.Object, java.lang.Object)'> (0x00000000ff666d00) 
thrown [s\open\src\hotspot\share\interpreter\linkResolver.cpp, line 759]
Event: 2.044 Thread 0x000002649cebe8c0 Exception <a 'java/lang/IncompatibleClassChangeError'{0x00000000ff66a2f0}: Found class java.lang.Object, but interface was expected> (0x00000000ff66a2f0) 
thrown [s\open\src\hotspot\share\interpreter\linkResolver.cpp, line 826]
Event: 2.411 Thread 0x00000264b72f9bc0 Exception <a 'sun/nio/fs/WindowsException'{0x00000000ff22a070}> (0x00000000ff22a070) 
thrown [s\open\src\hotspot\share\prims\jni.cpp, line 516]
Event: 2.427 Thread 0x00000264b72f9bc0 Exception <a 'java/lang/NoSuchMethodError'{0x00000000ff2424f0}: 'java.lang.Object java.lang.invoke.DirectMethodHandle$Holder.invokeStaticInit(java.lang.Object)'> (0x00000000ff2424f0) 
thrown [s\open\src\hotspot\share\interpreter\linkResolver.cpp, line 759]
Event: 2.578 Thread 0x00000264b72f9bc0 Exception <a 'java/lang/ClassNotFoundException'{0x00000000ff048248}: sun/util/logging/resources/spi/loggingProvider> (0x00000000ff048248) 
thrown [s\open\src\hotspot\share\classfile\systemDictionary.cpp, line 256]
Event: 2.624 Thread 0x00000264b72f9bc0 Exception <a 'java/lang/NoSuchMethodError'{0x00000000ff0e5638}: 'int java.lang.invoke.DirectMethodHandle$Holder.invokeSpecial(java.lang.Object, java.lang.Object, java.lang.Object)'> (0x00000000ff0e5638) 
thrown [s\open\src\hotspot\share\interpreter\linkResolver.cpp, line 759]
Event: 2.719 Thread 0x00000264b72f9bc0 Exception <a 'java/lang/NoSuchMethodError'{0x00000000fee00d10}: 'java.lang.Object java.lang.invoke.DirectMethodHandle$Holder.invokeStaticInit(java.lang.Object, int, int, int, int)'> (0x00000000fee00d10) 
thrown [s\open\src\hotspot\share\interpreter\linkResolver.cpp, line 759]
Event: 3.143 Thread 0x00000264b72f9bc0 Exception <a 'java/lang/NoSuchMethodError'{0x00000000fed2aca0}: 'java.lang.Object java.lang.invoke.DirectMethodHandle$Holder.invokeStaticInit(java.lang.Object, java.lang.Object, int, int, int, int)'> (0x00000000fed2aca0) 
thrown [s\open\src\hotspot\share\interpreter\linkResolver.cpp, line 759]
Event: 3.260 Thread 0x00000264b72f9bc0 Exception <a 'sun/nio/fs/WindowsException'{0x00000000feda1530}> (0x00000000feda1530) 
thrown [s\open\src\hotspot\share\prims\jni.cpp, line 516]
Event: 3.273 Thread 0x00000264b7543f90 Exception <a 'java/lang/NoSuchMethodError'{0x00000000fec0afa8}: 'int java.lang.invoke.DirectMethodHandle$Holder.invokeStaticInit(java.lang.Object, java.lang.Object)'> (0x00000000fec0afa8) 
thrown [s\open\src\hotspot\share\interpreter\linkResolver.cpp, line 759]
Event: 3.449 Thread 0x00000264b7543f90 Implicit null exception at 0x00000264ac27200f to 0x00000264ac2722d4

VM Operations (20 events):
Event: 2.380 Executing VM operation: HandshakeAllThreads done
Event: 2.390 Executing VM operation: HandshakeAllThreads
Event: 2.390 Executing VM operation: HandshakeAllThreads done
Event: 2.439 Executing VM operation: HandshakeAllThreads
Event: 2.439 Executing VM operation: HandshakeAllThreads done
Event: 2.460 Executing VM operation: HandshakeAllThreads
Event: 2.460 Executing VM operation: HandshakeAllThreads done
Event: 2.515 Executing VM operation: HandshakeAllThreads
Event: 2.515 Executing VM operation: HandshakeAllThreads done
Event: 2.517 Executing VM operation: HandshakeAllThreads
Event: 2.517 Executing VM operation: HandshakeAllThreads done
Event: 2.696 Executing VM operation: HandshakeAllThreads
Event: 2.696 Executing VM operation: HandshakeAllThreads done
Event: 2.700 Executing VM operation: HandshakeAllThreads
Event: 2.700 Executing VM operation: HandshakeAllThreads done
Event: 2.843 Executing VM operation: HandshakeAllThreads
Event: 2.843 Executing VM operation: HandshakeAllThreads done
Event: 3.205 Executing VM operation: ICBufferFull
Event: 3.205 Executing VM operation: ICBufferFull done
Event: 3.476 Executing VM operation: G1CollectForAllocation

Events (20 events):
Event: 3.378 loading class java/util/concurrent/ExecutionException
Event: 3.378 loading class java/util/concurrent/ExecutionException done
Event: 3.399 loading class java/util/concurrent/atomic/AtomicReferenceArray
Event: 3.399 loading class java/util/concurrent/atomic/AtomicReferenceArray done
Event: 3.399 loading class java/util/concurrent/ConcurrentLinkedQueue
Event: 3.399 loading class java/util/concurrent/ConcurrentLinkedQueue done
Event: 3.399 loading class java/util/concurrent/ConcurrentLinkedQueue$Node
Event: 3.399 loading class java/util/concurrent/ConcurrentLinkedQueue$Node done
Event: 3.410 loading class java/util/concurrent/TimeoutException
Event: 3.410 loading class java/util/concurrent/TimeoutException done
Event: 3.417 loading class org/xml/sax/helpers/DefaultHandler
Event: 3.417 loading class org/xml/sax/EntityResolver
Event: 3.417 loading class org/xml/sax/EntityResolver done
Event: 3.417 loading class org/xml/sax/DTDHandler
Event: 3.417 loading class org/xml/sax/DTDHandler done
Event: 3.417 loading class org/xml/sax/ContentHandler
Event: 3.417 loading class org/xml/sax/ContentHandler done
Event: 3.417 loading class org/xml/sax/ErrorHandler
Event: 3.417 loading class org/xml/sax/ErrorHandler done
Event: 3.417 loading class org/xml/sax/helpers/DefaultHandler done


Dynamic libraries:
0x00007ff75b4a0000 - 0x00007ff75b4b0000 	C:\Program Files\Java\jdk-17.0.5\bin\java.exe
0x00007ffe28ab0000 - 0x00007ffe28ca8000 	C:\Windows\SYSTEM32\ntdll.dll
0x00007ffe27ce0000 - 0x00007ffe27d9f000 	C:\Windows\System32\KERNEL32.DLL
0x00007ffe262a0000 - 0x00007ffe26596000 	C:\Windows\System32\KERNELBASE.dll
0x00007ffe26890000 - 0x00007ffe26990000 	C:\Windows\System32\ucrtbase.dll
0x00007ffe18580000 - 0x00007ffe18598000 	C:\Program Files\Java\jdk-17.0.5\bin\jli.dll
0x00007ffe289c0000 - 0x00007ffe28a6f000 	C:\Windows\System32\ADVAPI32.dll
0x00007ffe26c40000 - 0x00007ffe26cde000 	C:\Windows\System32\msvcrt.dll
0x00007ffe26d10000 - 0x00007ffe26dac000 	C:\Windows\System32\sechost.dll
0x00007ffe26fe0000 - 0x00007ffe27106000 	C:\Windows\System32\RPCRT4.dll
0x00007ffe26db0000 - 0x00007ffe26f4d000 	C:\Windows\System32\USER32.dll
0x00007ffe26190000 - 0x00007ffe261b2000 	C:\Windows\System32\win32u.dll
0x00007ffe27db0000 - 0x00007ffe27ddc000 	C:\Windows\System32\GDI32.dll
0x00007ffe26770000 - 0x00007ffe26885000 	C:\Windows\System32\gdi32full.dll
0x00007ffe26990000 - 0x00007ffe26a2d000 	C:\Windows\System32\msvcp_win.dll
0x00007ffe179e0000 - 0x00007ffe179fa000 	C:\Program Files\Java\jdk-17.0.5\bin\VCRUNTIME140.dll
0x00007ffe17530000 - 0x00007ffe177ca000 	C:\Windows\WinSxS\amd64_microsoft.windows.common-controls_6595b64144ccf1df_6.0.19041.1110_none_60b5254171f9507e\COMCTL32.dll
0x00007ffe1e8b0000 - 0x00007ffe1e8ba000 	C:\Windows\SYSTEM32\VERSION.dll
0x00007ffe26ce0000 - 0x00007ffe26d10000 	C:\Windows\System32\IMM32.DLL
0x00007ffe218f0000 - 0x00007ffe218fc000 	C:\Program Files\Java\jdk-17.0.5\bin\vcruntime140_1.dll
0x00007ffdf71a0000 - 0x00007ffdf722d000 	C:\Program Files\Java\jdk-17.0.5\bin\msvcp140.dll
0x00007ffde2140000 - 0x00007ffde2d02000 	C:\Program Files\Java\jdk-17.0.5\bin\server\jvm.dll
0x00007ffe27cd0000 - 0x00007ffe27cd8000 	C:\Windows\System32\PSAPI.DLL
0x00007ffe11de0000 - 0x00007ffe11de9000 	C:\Windows\SYSTEM32\WSOCK32.dll
0x00007ffe27df0000 - 0x00007ffe27e5b000 	C:\Windows\System32\WS2_32.dll
0x00007ffe17e40000 - 0x00007ffe17e67000 	C:\Windows\SYSTEM32\WINMM.dll
0x00007ffe249d0000 - 0x00007ffe249e2000 	C:\Windows\SYSTEM32\kernel.appcore.dll
0x00007ffe18740000 - 0x00007ffe1874a000 	C:\Program Files\Java\jdk-17.0.5\bin\jimage.dll
0x00007ffe23d90000 - 0x00007ffe23f74000 	C:\Windows\SYSTEM32\DBGHELP.DLL
0x00007ffe131f0000 - 0x00007ffe13224000 	C:\Windows\SYSTEM32\dbgcore.DLL
0x00007ffe26a30000 - 0x00007ffe26ab2000 	C:\Windows\System32\bcryptPrimitives.dll
0x00007ffe02330000 - 0x00007ffe02355000 	C:\Program Files\Java\jdk-17.0.5\bin\java.dll
0x00007ffdf4c70000 - 0x00007ffdf4d46000 	C:\Program Files\Java\jdk-17.0.5\bin\jsvml.dll
0x00007ffe27fc0000 - 0x00007ffe28704000 	C:\Windows\System32\SHELL32.dll
0x00007ffe24210000 - 0x00007ffe249a3000 	C:\Windows\SYSTEM32\windows.storage.dll
0x00007ffe271f0000 - 0x00007ffe27544000 	C:\Windows\System32\combase.dll
0x00007ffe25be0000 - 0x00007ffe25c0e000 	C:\Windows\SYSTEM32\Wldp.dll
0x00007ffe27550000 - 0x00007ffe275fd000 	C:\Windows\System32\SHCORE.dll
0x00007ffe27f60000 - 0x00007ffe27fb5000 	C:\Windows\System32\shlwapi.dll
0x00007ffe260d0000 - 0x00007ffe260ef000 	C:\Windows\SYSTEM32\profapi.dll
0x00007ffe17950000 - 0x00007ffe17969000 	C:\Program Files\Java\jdk-17.0.5\bin\net.dll
0x00007ffe1d100000 - 0x00007ffe1d20a000 	C:\Windows\SYSTEM32\WINHTTP.dll
0x00007ffe25940000 - 0x00007ffe259aa000 	C:\Windows\system32\mswsock.dll
0x00007ffe11fc0000 - 0x00007ffe11fd6000 	C:\Program Files\Java\jdk-17.0.5\bin\nio.dll
0x00007ffe11f60000 - 0x00007ffe11f78000 	C:\Program Files\Java\jdk-17.0.5\bin\zip.dll
0x00007ffe25b30000 - 0x00007ffe25b48000 	C:\Windows\SYSTEM32\CRYPTSP.dll
0x00007ffe251f0000 - 0x00007ffe25224000 	C:\Windows\system32\rsaenh.dll
0x00007ffe26270000 - 0x00007ffe26297000 	C:\Windows\System32\bcrypt.dll
0x00007ffe26090000 - 0x00007ffe260be000 	C:\Windows\SYSTEM32\USERENV.dll
0x00007ffe25b50000 - 0x00007ffe25b5c000 	C:\Windows\SYSTEM32\CRYPTBASE.dll
0x00007ffe255e0000 - 0x00007ffe2561c000 	C:\Windows\SYSTEM32\IPHLPAPI.DLL
0x00007ffe27da0000 - 0x00007ffe27da8000 	C:\Windows\System32\NSI.dll
0x00007ffe1e5a0000 - 0x00007ffe1e5b7000 	C:\Windows\SYSTEM32\dhcpcsvc6.DLL
0x00007ffe1e990000 - 0x00007ffe1e9ad000 	C:\Windows\SYSTEM32\dhcpcsvc.DLL
0x00007ffe25630000 - 0x00007ffe256fa000 	C:\Windows\SYSTEM32\DNSAPI.dll

dbghelp: loaded successfully - version: 4.0.5 - missing functions: none
symbol engine: initialized successfully - sym options: 0x614 - pdb path: .;C:\Program Files\Java\jdk-17.0.5\bin;C:\Windows\SYSTEM32;C:\Windows\WinSxS\amd64_microsoft.windows.common-controls_6595b64144ccf1df_6.0.19041.1110_none_60b5254171f9507e;C:\Program Files\Java\jdk-17.0.5\bin\server

VM Arguments:
jvm_args: -DwatchParentProcess=false -XX:+ExitOnOutOfMemoryError -XX:+HeapDumpOnOutOfMemoryError -XX:HeapDumpPath=c:\Users\tjdng\AppData\Roaming\Code\User\globalStorage\redhat.vscode-xml -Xmx64M 
java_command: org.eclipse.lemminx.XMLServerLauncher
java_class_path (initial): c:\Users\tjdng\.vscode\extensions\redhat.vscode-xml-0.25.0-win32-x64\server\org.eclipse.lemminx-0.25.0-uber.jar
Launcher Type: SUN_STANDARD

[Global flags]
     intx CICompilerCount                          = 4                                         {product} {ergonomic}
     uint ConcGCThreads                            = 2                                         {product} {ergonomic}
     bool ExitOnOutOfMemoryError                   = true                                      {product} {command line}
     uint G1ConcRefinementThreads                  = 8                                         {product} {ergonomic}
   size_t G1HeapRegionSize                         = 1048576                                   {product} {ergonomic}
    uintx GCDrainStackTargetSize                   = 64                                        {product} {ergonomic}
     bool HeapDumpOnOutOfMemoryError               = true                                   {manageable} {command line}
    ccstr HeapDumpPath                             = c:\Users\tjdng\AppData\Roaming\Code\User\globalStorage\redhat.vscode-xml         {manageable} {command line}
   size_t InitialHeapSize                          = 67108864                                  {product} {ergonomic}
   size_t MarkStackSize                            = 4194304                                   {product} {ergonomic}
   size_t MaxHeapSize                              = 67108864                                  {product} {command line}
   size_t MaxNewSize                               = 39845888                                  {product} {ergonomic}
   size_t MinHeapDeltaBytes                        = 1048576                                   {product} {ergonomic}
   size_t MinHeapSize                              = 8388608                                   {product} {ergonomic}
    uintx NonNMethodCodeHeapSize                   = 5839372                                {pd product} {ergonomic}
    uintx NonProfiledCodeHeapSize                  = 122909434                              {pd product} {ergonomic}
    uintx ProfiledCodeHeapSize                     = 122909434                              {pd product} {ergonomic}
    uintx ReservedCodeCacheSize                    = 251658240                              {pd product} {ergonomic}
     bool SegmentedCodeCache                       = true                                      {product} {ergonomic}
   size_t SoftMaxHeapSize                          = 67108864                               {manageable} {ergonomic}
     bool UseCompressedClassPointers               = true                           {product lp64_product} {ergonomic}
     bool UseCompressedOops                        = true                           {product lp64_product} {ergonomic}
     bool UseG1GC                                  = true                                      {product} {ergonomic}
     bool UseLargePagesIndividualAllocation        = false                                  {pd product} {ergonomic}

Logging:
Log output configuration:
 #0: stdout all=warning uptime,level,tags
 #1: stderr all=off uptime,level,tags

Environment Variables:
JAVA_HOME=C:\Program Files\Java\jdk-17.0.5
PATH=C:\Program Files\Common Files\Oracle\Java\javapath;C:\Program Files\Eclipse Adoptium\jdk-17.0.5.8-hotspot\bin;C:\Program Files\Microsoft\jdk-11.0.12.7-hotspot\bin;C:\Windows\system32;C:\Windows;C:\Windows\System32\Wbem;C:\Windows\System32\WindowsPowerShell\v1.0\;C:\Windows\System32\OpenSSH\;C:\Program Files\Git\cmd;C:\Program Files\Microsoft SQL Server\150\Tools\Binn\;C:\Program Files\Microsoft SQL Server\Client SDK\ODBC\170\Tools\Binn\;C:\Program Files\dotnet\;C:\Program Files\nodejs\;C:\Program Files\PuTTY\;C:\Program Files\MySQL\MySQL Shell 8.0\bin\;C:\Users\tjdng\AppData\Local\Microsoft\WindowsApps;C:\Users\tjdng\.dotnet\tools;C:\Users\tjdng\AppData\Local\Programs\Microsoft VS Code\bin;C:\Users\tjdng\AppData\Roaming\npm
USERNAME=tjdng
OS=Windows_NT
PROCESSOR_IDENTIFIER=Intel64 Family 6 Model 158 Stepping 9, GenuineIntel



---------------  S Y S T E M  ---------------

OS:
 Windows 10 , 64 bit Build 19041 (10.0.19041.3031)
OS uptime: 3 days 19:08 hours

CPU: total 8 (initial active 8) (4 cores per cpu, 2 threads per core) family 6 model 158 stepping 9 microcode 0xb4, cx8, cmov, fxsr, ht, mmx, 3dnowpref, sse, sse2, sse3, ssse3, sse4.1, sse4.2, popcnt, lzcnt, tsc, tscinvbit, avx, avx2, aes, erms, clmul, bmi1, bmi2, adx, fma, vzeroupper, clflush, clflushopt

Memory: 4k page, system-wide physical 16304M (1842M free)
TotalPageFile size 46748M (AvailPageFile size 42M)
current process WorkingSet (physical memory assigned to process): 78M, peak: 78M
current process commit charge ("private bytes"): 158M, peak: 158M

vm_info: Java HotSpot(TM) 64-Bit Server VM (17.0.5+9-LTS-191) for windows-amd64 JRE (17.0.5+9-LTS-191), built on Sep 13 2022 17:31:43 by "mach5one" with MS VC++ 16.8 / 16.9 (VS2019)

END.
