#
# There is insufficient memory for the Java Runtime Environment to continue.
# Native memory allocation (malloc) failed to allocate 1048576 bytes for AllocateHeap
# Possible reasons:
#   The system is out of physical RAM or swap space
#   The process is running with CompressedOops enabled, and the Java Heap may be blocking the growth of the native heap
# Possible solutions:
#   Reduce memory load on the system
#   Increase physical memory or swap space
#   Check if swap backing store is full
#   Decrease Java heap size (-Xmx/-Xms)
#   Decrease number of Java threads
#   Decrease Java thread stack sizes (-Xss)
#   Set larger code cache with -XX:ReservedCodeCacheSize=
#   JVM is running with Unscaled Compressed Oops mode in which the Java heap is
#     placed in the first 4GB address space. The Java Heap base address is the
#     maximum limit for the native heap growth. Please use -XX:HeapBaseMinAddress
#     to set the Java Heap base and to place the Java Heap above 4GB virtual address.
# This output file may be truncated or incomplete.
#
#  Out of Memory Error (allocation.cpp:44), pid=22740, tid=20340
#
# JRE version: OpenJDK Runtime Environment Temurin-17.0.7+7 (17.0.7+7) (build 17.0.7+7)
# Java VM: OpenJDK 64-Bit Server VM Temurin-17.0.7+7 (17.0.7+7, mixed mode, emulated-client, tiered, compressed oops, compressed class ptrs, g1 gc, windows-amd64)
# No core dump will be written. Minidumps are not enabled by default on client versions of Windows
#

---------------  S U M M A R Y ------------

Command Line: -XX:+HeapDumpOnOutOfMemoryError -Xmx1024m -Dsts.lsp.client=vscode -Dsts.log.file=/dev/null -XX:TieredStopAtLevel=1 -Xlog:jni+resolve=off -Dspring.config.location=file:c:\Users\tjdng\.vscode\extensions\vmware.vscode-spring-boot-1.47.0\language-server\BOOT-INF\classes\application.properties org.springframework.ide.vscode.boot.app.BootLanguageServerBootApp

Host: Intel(R) Core(TM) i7-7700HQ CPU @ 2.80GHz, 8 cores, 15G,  Windows 10 , 64 bit Build 19041 (10.0.19041.3031)
Time: Sun Jun 25 15:50:51 2023  Windows 10 , 64 bit Build 19041 (10.0.19041.3031) elapsed time: 518.461905 seconds (0d 0h 8m 38s)

---------------  T H R E A D  ---------------

Current thread (0x000001ff8ae5fcb0):  VMThread "VM Thread" [stack: 0x0000008c23a00000,0x0000008c23b00000] [id=20340]

Stack: [0x0000008c23a00000,0x0000008c23b00000]
Native frames: (J=compiled Java code, j=interpreted, Vv=VM code, C=native code)
V  [jvm.dll+0x67754a]
V  [jvm.dll+0x834304]
V  [jvm.dll+0x835aae]
V  [jvm.dll+0x836113]
V  [jvm.dll+0x24696f]
V  [jvm.dll+0xa681f]
V  [jvm.dll+0x2f73f3]
V  [jvm.dll+0x2f30f0]
V  [jvm.dll+0x2db6c7]
V  [jvm.dll+0x31e777]
V  [jvm.dll+0x83a5bb]
V  [jvm.dll+0x83b2f4]
V  [jvm.dll+0x83b80c]
V  [jvm.dll+0x83bbe4]
V  [jvm.dll+0x83bcb0]
V  [jvm.dll+0x7e4e7a]
V  [jvm.dll+0x676395]
C  [ucrtbase.dll+0x21bb2]
C  [KERNEL32.DLL+0x17614]
C  [ntdll.dll+0x526f1]

VM_Operation (0x0000008c253feeb0): G1CollectFull, mode: safepoint, requested by thread 0x000001ff906bd0a0


---------------  P R O C E S S  ---------------

Threads class SMR info:
_java_thread_list=0x000001ff9226aa20, length=22, elements={
0x000001ff8ae639b0, 0x000001ff8ae64730, 0x000001ff8f03a040, 0x000001ff8f03adc0,
0x000001ff8f03cb90, 0x000001ff8f03d450, 0x000001ff8f03ddc0, 0x000001ff8f064420,
0x000001ff8f266010, 0x000001ff8f269790, 0x000001ff9066a450, 0x000001ff900c5230,
0x000001ff906bd0a0, 0x000001ff907724c0, 0x000001fffdfb3030, 0x000001ff90437050,
0x000001ff907df850, 0x000001ff908196e0, 0x000001ff909c3070, 0x000001ff909c8be0,
0x000001ff909c6090, 0x000001ff909c6560
}

Java Threads: ( => current thread )
  0x000001ff8ae639b0 JavaThread "Reference Handler" daemon [_thread_blocked, id=23400, stack(0x0000008c23b00000,0x0000008c23c00000)]
  0x000001ff8ae64730 JavaThread "Finalizer" daemon [_thread_blocked, id=18612, stack(0x0000008c23c00000,0x0000008c23d00000)]
  0x000001ff8f03a040 JavaThread "Signal Dispatcher" daemon [_thread_blocked, id=15256, stack(0x0000008c23d00000,0x0000008c23e00000)]
  0x000001ff8f03adc0 JavaThread "Attach Listener" daemon [_thread_blocked, id=11032, stack(0x0000008c23e00000,0x0000008c23f00000)]
  0x000001ff8f03cb90 JavaThread "Service Thread" daemon [_thread_blocked, id=28988, stack(0x0000008c23f00000,0x0000008c24000000)]
  0x000001ff8f03d450 JavaThread "Monitor Deflation Thread" daemon [_thread_blocked, id=15204, stack(0x0000008c24000000,0x0000008c24100000)]
  0x000001ff8f03ddc0 JavaThread "C1 CompilerThread0" daemon [_thread_blocked, id=21384, stack(0x0000008c24100000,0x0000008c24200000)]
  0x000001ff8f064420 JavaThread "Sweeper thread" daemon [_thread_blocked, id=23640, stack(0x0000008c24200000,0x0000008c24300000)]
  0x000001ff8f266010 JavaThread "Notification Thread" daemon [_thread_blocked, id=30028, stack(0x0000008c24400000,0x0000008c24500000)]
  0x000001ff8f269790 JavaThread "Common-Cleaner" daemon [_thread_blocked, id=14372, stack(0x0000008c24600000,0x0000008c24700000)]
  0x000001ff9066a450 JavaThread "boundedElastic-evictor-1" daemon [_thread_blocked, id=32968, stack(0x0000008c24e00000,0x0000008c24f00000)]
  0x000001ff900c5230 JavaThread "boundedElastic-evictor-2" daemon [_thread_blocked, id=30992, stack(0x0000008c25200000,0x0000008c25300000)]
  0x000001ff906bd0a0 JavaThread "pool-10-thread-1" [_thread_blocked, id=16336, stack(0x0000008c25300000,0x0000008c25400000)]
  0x000001ff907724c0 JavaThread "LanguageServerApp-lifecycle" [_thread_blocked, id=23964, stack(0x0000008c25400000,0x0000008c25500000)]
  0x000001fffdfb3030 JavaThread "DestroyJavaVM" [_thread_blocked, id=22480, stack(0x0000008c23400000,0x0000008c23500000)]
  0x000001ff90437050 JavaThread "pool-11-thread-1" [_thread_in_native, id=2388, stack(0x0000008c25500000,0x0000008c25600000)]
  0x000001ff907df850 JavaThread "Simple-Language-Server main thread" daemon [_thread_blocked, id=17128, stack(0x0000008c25600000,0x0000008c25700000)]
  0x000001ff908196e0 JavaThread "pool-6-thread-1" [_thread_blocked, id=13940, stack(0x0000008c25a00000,0x0000008c25b00000)]
  0x000001ff909c3070 JavaThread "parallel-1" daemon [_thread_blocked, id=26100, stack(0x0000008c26a00000,0x0000008c26b00000)]
  0x000001ff909c8be0 JavaThread "pool-4-thread-1" [_thread_blocked, id=21452, stack(0x0000008c26b00000,0x0000008c26c00000)]
  0x000001ff909c6090 JavaThread "parallel-2" daemon [_thread_blocked, id=21756, stack(0x0000008c26c00000,0x0000008c26d00000)]
  0x000001ff909c6560 JavaThread "parallel-3" daemon [_thread_blocked, id=25068, stack(0x0000008c25d00000,0x0000008c25e00000)]

Other Threads:
=>0x000001ff8ae5fcb0 VMThread "VM Thread" [stack: 0x0000008c23a00000,0x0000008c23b00000] [id=20340]
  0x000001ff8f2664e0 WatcherThread [stack: 0x0000008c24500000,0x0000008c24600000] [id=21148]
  0x000001fffdff3990 GCTaskThread "GC Thread#0" [stack: 0x0000008c23500000,0x0000008c23600000] [id=15104]
  0x000001ff8fc8abf0 GCTaskThread "GC Thread#1" [stack: 0x0000008c24700000,0x0000008c24800000] [id=18944]
  0x000001ff8fcbe040 GCTaskThread "GC Thread#2" [stack: 0x0000008c24800000,0x0000008c24900000] [id=23764]
  0x000001ff8fcbe2f0 GCTaskThread "GC Thread#3" [stack: 0x0000008c24900000,0x0000008c24a00000] [id=18400]
  0x000001ff8fcbe5a0 GCTaskThread "GC Thread#4" [stack: 0x0000008c24a00000,0x0000008c24b00000] [id=28664]
  0x000001ff8fd24030 GCTaskThread "GC Thread#5" [stack: 0x0000008c24b00000,0x0000008c24c00000] [id=13320]
  0x000001ff8ff72ca0 GCTaskThread "GC Thread#6" [stack: 0x0000008c24c00000,0x0000008c24d00000] [id=3124]
  0x000001ff8ff72f50 GCTaskThread "GC Thread#7" [stack: 0x0000008c24d00000,0x0000008c24e00000] [id=33536]
  0x000001fffdffc7e0 ConcurrentGCThread "G1 Main Marker" [stack: 0x0000008c23600000,0x0000008c23700000] [id=11436]
  0x000001fffdffd100 ConcurrentGCThread "G1 Conc#0" [stack: 0x0000008c23700000,0x0000008c23800000] [id=11672]
  0x000001ff901a6500 ConcurrentGCThread "G1 Conc#1" [stack: 0x0000008c25100000,0x0000008c25200000] [id=18980]
  0x000001fffe07e800 ConcurrentGCThread "G1 Refine#0" [stack: 0x0000008c23800000,0x0000008c23900000] [id=31760]
  0x000001ff9177c150 ConcurrentGCThread "G1 Refine#1" [stack: 0x0000008c27200000,0x0000008c27300000] [id=1020]
  0x000001ff9177c710 ConcurrentGCThread "G1 Refine#2" [stack: 0x0000008c27300000,0x0000008c27400000] [id=34364]
  0x000001ff9177c430 ConcurrentGCThread "G1 Refine#3" [stack: 0x0000008c26900000,0x0000008c26a00000] [id=33056]
  0x000001ff9187a9a0 ConcurrentGCThread "G1 Refine#4" [stack: 0x0000008c25c00000,0x0000008c25d00000] [id=12448]
  0x000001ff8acce290 ConcurrentGCThread "G1 Service" [stack: 0x0000008c23900000,0x0000008c23a00000] [id=31332]

Threads with active compile tasks:

VM state: at safepoint (normal execution)

VM Mutex/Monitor currently owned by a thread:  ([mutex/lock_event])
[0x000001fffdd98a60] Threads_lock - owner thread: 0x000001ff8ae5fcb0
[0x000001fffdfb0c00] Heap_lock - owner thread: 0x000001ff906bd0a0

Heap address: 0x00000000c0000000, size: 1024 MB, Compressed Oops mode: 32-bit

CDS archive(s) not mapped
Compressed class space mapped at: 0x0000000100000000-0x0000000140000000, reserved size: 1073741824
Narrow klass base: 0x0000000000000000, Narrow klass shift: 3, Narrow klass range: 0x140000000

GC Precious Log:
 CPUs: 8 total, 8 available
 Memory: 16304M
 Large Page Support: Disabled
 NUMA Support: Disabled
 Compressed Oops: Enabled (32-bit)
 Heap Region Size: 1M
 Heap Min Capacity: 8M
 Heap Initial Capacity: 256M
 Heap Max Capacity: 1G
 Pre-touch: Disabled
 Parallel Workers: 8
 Concurrent Workers: 2
 Concurrent Refinement Workers: 8
 Periodic GC: Disabled

Heap:
 garbage-first heap   total 126976K, used 37098K [0x00000000c0000000, 0x0000000100000000)
  region size 1024K, 1 young (1024K), 0 survivors (0K)
 Metaspace       used 64850K, committed 65664K, reserved 1114112K
  class space    used 9209K, committed 9536K, reserved 1048576K

Heap Regions: E=young(eden), S=young(survivor), O=old, HS=humongous(starts), HC=humongous(continues), CS=collection set, F=free, OA=open archive, CA=closed archive, TAMS=top-at-mark-start (previous, next)
|   0|0x00000000c0000000, 0x00000000c0100000, 0x00000000c0100000|100%|HS|  |TAMS 0x00000000c0100000, 0x00000000c0000000| Untracked 
|   1|0x00000000c0100000, 0x00000000c01fffd8, 0x00000000c0200000| 99%| O|  |TAMS 0x00000000c01fffd8, 0x00000000c0100000| Untracked 
|   2|0x00000000c0200000, 0x00000000c02fffe0, 0x00000000c0300000| 99%| O|  |TAMS 0x00000000c02fffe0, 0x00000000c0200000| Untracked 
|   3|0x00000000c0300000, 0x00000000c0400000, 0x00000000c0400000|100%| O|  |TAMS 0x00000000c0400000, 0x00000000c0300000| Untracked 
|   4|0x00000000c0400000, 0x00000000c0500000, 0x00000000c0500000|100%| O|  |TAMS 0x00000000c0500000, 0x00000000c0400000| Untracked 
|   5|0x00000000c0500000, 0x00000000c05ffff8, 0x00000000c0600000| 99%| O|  |TAMS 0x00000000c05ffff8, 0x00000000c0500000| Untracked 
|   6|0x00000000c0600000, 0x00000000c06ffff8, 0x00000000c0700000| 99%| O|  |TAMS 0x00000000c06ffff8, 0x00000000c0600000| Untracked 
|   7|0x00000000c0700000, 0x00000000c07ffff0, 0x00000000c0800000| 99%| O|  |TAMS 0x00000000c07ffff0, 0x00000000c0700000| Untracked 
|   8|0x00000000c0800000, 0x00000000c0900000, 0x00000000c0900000|100%| O|  |TAMS 0x00000000c0900000, 0x00000000c0800000| Untracked 
|   9|0x00000000c0900000, 0x00000000c0a00000, 0x00000000c0a00000|100%| O|  |TAMS 0x00000000c0a00000, 0x00000000c0900000| Untracked 
|  10|0x00000000c0a00000, 0x00000000c0afd7c0, 0x00000000c0b00000| 99%| O|  |TAMS 0x00000000c0afd7c0, 0x00000000c0a00000| Untracked 
|  11|0x00000000c0b00000, 0x00000000c0bffff8, 0x00000000c0c00000| 99%| O|  |TAMS 0x00000000c0bffff8, 0x00000000c0b00000| Untracked 
|  12|0x00000000c0c00000, 0x00000000c0cfffd8, 0x00000000c0d00000| 99%| O|  |TAMS 0x00000000c0cfffd8, 0x00000000c0c00000| Untracked 
|  13|0x00000000c0d00000, 0x00000000c0dffff0, 0x00000000c0e00000| 99%| O|  |TAMS 0x00000000c0dffff0, 0x00000000c0d00000| Untracked 
|  14|0x00000000c0e00000, 0x00000000c0efffa0, 0x00000000c0f00000| 99%| O|  |TAMS 0x00000000c0efffa0, 0x00000000c0e00000| Untracked 
|  15|0x00000000c0f00000, 0x00000000c0ffffa0, 0x00000000c1000000| 99%| O|  |TAMS 0x00000000c0ffffa0, 0x00000000c0f00000| Untracked 
|  16|0x00000000c1000000, 0x00000000c10ffff0, 0x00000000c1100000| 99%| O|  |TAMS 0x00000000c10ffff0, 0x00000000c1000000| Untracked 
|  17|0x00000000c1100000, 0x00000000c11ffff8, 0x00000000c1200000| 99%| O|  |TAMS 0x00000000c11ffff8, 0x00000000c1100000| Untracked 
|  18|0x00000000c1200000, 0x00000000c12ffff8, 0x00000000c1300000| 99%| O|  |TAMS 0x00000000c12ffff8, 0x00000000c1200000| Untracked 
|  19|0x00000000c1300000, 0x00000000c1400000, 0x00000000c1400000|100%| O|  |TAMS 0x00000000c1400000, 0x00000000c1300000| Untracked 
|  20|0x00000000c1400000, 0x00000000c14fffa8, 0x00000000c1500000| 99%| O|  |TAMS 0x00000000c14fffa8, 0x00000000c1400000| Untracked 
|  21|0x00000000c1500000, 0x00000000c15ffff8, 0x00000000c1600000| 99%| O|  |TAMS 0x00000000c15ffff8, 0x00000000c1500000| Untracked 
|  22|0x00000000c1600000, 0x00000000c1700000, 0x00000000c1700000|100%| O|  |TAMS 0x00000000c1700000, 0x00000000c1600000| Untracked 
|  23|0x00000000c1700000, 0x00000000c1800000, 0x00000000c1800000|100%| O|  |TAMS 0x00000000c1800000, 0x00000000c1700000| Untracked 
|  24|0x00000000c1800000, 0x00000000c18fff10, 0x00000000c1900000| 99%| O|  |TAMS 0x00000000c18fff10, 0x00000000c1800000| Untracked 
|  25|0x00000000c1900000, 0x00000000c19fffe8, 0x00000000c1a00000| 99%| O|  |TAMS 0x00000000c19fffe8, 0x00000000c1900000| Untracked 
|  26|0x00000000c1a00000, 0x00000000c1afffc8, 0x00000000c1b00000| 99%| O|  |TAMS 0x00000000c1afffc8, 0x00000000c1a00000| Untracked 
|  27|0x00000000c1b00000, 0x00000000c1c00000, 0x00000000c1c00000|100%| O|  |TAMS 0x00000000c1c00000, 0x00000000c1b00000| Untracked 
|  28|0x00000000c1c00000, 0x00000000c1cffff8, 0x00000000c1d00000| 99%| O|  |TAMS 0x00000000c1cffff8, 0x00000000c1c00000| Untracked 
|  29|0x00000000c1d00000, 0x00000000c1dffff8, 0x00000000c1e00000| 99%| O|  |TAMS 0x00000000c1dffff8, 0x00000000c1d00000| Untracked 
|  30|0x00000000c1e00000, 0x00000000c1eb6228, 0x00000000c1f00000| 71%| O|  |TAMS 0x00000000c1e00000, 0x00000000c1e00000| Untracked 
|  31|0x00000000c1f00000, 0x00000000c1f87570, 0x00000000c2000000| 52%| O|  |TAMS 0x00000000c1f00000, 0x00000000c1f00000| Untracked 
|  32|0x00000000c2000000, 0x00000000c20ffff0, 0x00000000c2100000| 99%| O|  |TAMS 0x00000000c20ffff0, 0x00000000c2000000| Untracked 
|  33|0x00000000c2100000, 0x00000000c21ffff8, 0x00000000c2200000| 99%| O|  |TAMS 0x00000000c21ffff8, 0x00000000c2100000| Untracked 
|  34|0x00000000c2200000, 0x00000000c2200000, 0x00000000c2300000|  0%| F|  |TAMS 0x00000000c2200000, 0x00000000c2200000| Untracked 
|  35|0x00000000c2300000, 0x00000000c2300000, 0x00000000c2400000|  0%| F|  |TAMS 0x00000000c2300000, 0x00000000c2300000| Untracked 
|  36|0x00000000c2400000, 0x00000000c2400000, 0x00000000c2500000|  0%| F|  |TAMS 0x00000000c2400000, 0x00000000c2400000| Untracked 
|  37|0x00000000c2500000, 0x00000000c2500000, 0x00000000c2600000|  0%| F|  |TAMS 0x00000000c2500000, 0x00000000c2500000| Untracked 
|  38|0x00000000c2600000, 0x00000000c2600000, 0x00000000c2700000|  0%| F|  |TAMS 0x00000000c2600000, 0x00000000c2600000| Untracked 
|  39|0x00000000c2700000, 0x00000000c2700000, 0x00000000c2800000|  0%| F|  |TAMS 0x00000000c2700000, 0x00000000c2700000| Untracked 
|  40|0x00000000c2800000, 0x00000000c28fffd8, 0x00000000c2900000| 99%| O|  |TAMS 0x00000000c28fffd8, 0x00000000c2800000| Untracked 
|  41|0x00000000c2900000, 0x00000000c29fffe0, 0x00000000c2a00000| 99%| O|  |TAMS 0x00000000c29fffe0, 0x00000000c2900000| Untracked 
|  42|0x00000000c2a00000, 0x00000000c2a00000, 0x00000000c2b00000|  0%| F|  |TAMS 0x00000000c2a00000, 0x00000000c2a00000| Untracked 
|  43|0x00000000c2b00000, 0x00000000c2b00000, 0x00000000c2c00000|  0%| F|  |TAMS 0x00000000c2b00000, 0x00000000c2b00000| Untracked 
|  44|0x00000000c2c00000, 0x00000000c2c00000, 0x00000000c2d00000|  0%| F|  |TAMS 0x00000000c2c00000, 0x00000000c2c00000| Untracked 
|  45|0x00000000c2d00000, 0x00000000c2d00000, 0x00000000c2e00000|  0%| F|  |TAMS 0x00000000c2d00000, 0x00000000c2d00000| Untracked 
|  46|0x00000000c2e00000, 0x00000000c2e00000, 0x00000000c2f00000|  0%| F|  |TAMS 0x00000000c2e00000, 0x00000000c2e00000| Untracked 
|  47|0x00000000c2f00000, 0x00000000c2f00000, 0x00000000c3000000|  0%| F|  |TAMS 0x00000000c2f00000, 0x00000000c2f00000| Untracked 
|  48|0x00000000c3000000, 0x00000000c3000000, 0x00000000c3100000|  0%| F|  |TAMS 0x00000000c3000000, 0x00000000c3000000| Untracked 
|  49|0x00000000c3100000, 0x00000000c3100000, 0x00000000c3200000|  0%| F|  |TAMS 0x00000000c3100000, 0x00000000c3100000| Untracked 
|  50|0x00000000c3200000, 0x00000000c3200000, 0x00000000c3300000|  0%| F|  |TAMS 0x00000000c3200000, 0x00000000c3200000| Untracked 
|  51|0x00000000c3300000, 0x00000000c3300000, 0x00000000c3400000|  0%| F|  |TAMS 0x00000000c3300000, 0x00000000c3300000| Untracked 
|  52|0x00000000c3400000, 0x00000000c3400000, 0x00000000c3500000|  0%| F|  |TAMS 0x00000000c3400000, 0x00000000c3400000| Untracked 
|  53|0x00000000c3500000, 0x00000000c3500000, 0x00000000c3600000|  0%| F|  |TAMS 0x00000000c3500000, 0x00000000c3500000| Untracked 
|  54|0x00000000c3600000, 0x00000000c3600000, 0x00000000c3700000|  0%| F|  |TAMS 0x00000000c3600000, 0x00000000c3600000| Untracked 
|  55|0x00000000c3700000, 0x00000000c3700000, 0x00000000c3800000|  0%| F|  |TAMS 0x00000000c3700000, 0x00000000c3700000| Untracked 
|  56|0x00000000c3800000, 0x00000000c3800000, 0x00000000c3900000|  0%| F|  |TAMS 0x00000000c3800000, 0x00000000c3800000| Untracked 
|  57|0x00000000c3900000, 0x00000000c3900000, 0x00000000c3a00000|  0%| F|  |TAMS 0x00000000c3900000, 0x00000000c3900000| Untracked 
|  58|0x00000000c3a00000, 0x00000000c3a00000, 0x00000000c3b00000|  0%| F|  |TAMS 0x00000000c3a00000, 0x00000000c3a00000| Untracked 
|  59|0x00000000c3b00000, 0x00000000c3b00000, 0x00000000c3c00000|  0%| F|  |TAMS 0x00000000c3b00000, 0x00000000c3b00000| Untracked 
|  60|0x00000000c3c00000, 0x00000000c3c00000, 0x00000000c3d00000|  0%| F|  |TAMS 0x00000000c3c00000, 0x00000000c3c00000| Untracked 
|  61|0x00000000c3d00000, 0x00000000c3d00000, 0x00000000c3e00000|  0%| F|  |TAMS 0x00000000c3d00000, 0x00000000c3d00000| Untracked 
|  62|0x00000000c3e00000, 0x00000000c3e00000, 0x00000000c3f00000|  0%| F|  |TAMS 0x00000000c3e00000, 0x00000000c3e00000| Untracked 
|  63|0x00000000c3f00000, 0x00000000c3f00000, 0x00000000c4000000|  0%| F|  |TAMS 0x00000000c3f00000, 0x00000000c3f00000| Untracked 
|  64|0x00000000c4000000, 0x00000000c4000000, 0x00000000c4100000|  0%| F|  |TAMS 0x00000000c4000000, 0x00000000c4000000| Untracked 
|  65|0x00000000c4100000, 0x00000000c4100000, 0x00000000c4200000|  0%| F|  |TAMS 0x00000000c4100000, 0x00000000c4100000| Untracked 
|  66|0x00000000c4200000, 0x00000000c4200000, 0x00000000c4300000|  0%| F|  |TAMS 0x00000000c4200000, 0x00000000c4200000| Untracked 
|  67|0x00000000c4300000, 0x00000000c4300000, 0x00000000c4400000|  0%| F|  |TAMS 0x00000000c4300000, 0x00000000c4300000| Untracked 
|  68|0x00000000c4400000, 0x00000000c4400000, 0x00000000c4500000|  0%| F|  |TAMS 0x00000000c4400000, 0x00000000c4400000| Untracked 
|  69|0x00000000c4500000, 0x00000000c4500000, 0x00000000c4600000|  0%| F|  |TAMS 0x00000000c4500000, 0x00000000c4500000| Untracked 
|  70|0x00000000c4600000, 0x00000000c4600000, 0x00000000c4700000|  0%| F|  |TAMS 0x00000000c4600000, 0x00000000c4600000| Untracked 
|  71|0x00000000c4700000, 0x00000000c4800000, 0x00000000c4800000|100%| O|  |TAMS 0x00000000c4800000, 0x00000000c4700000| Untracked 
|  72|0x00000000c4800000, 0x00000000c4800000, 0x00000000c4900000|  0%| F|  |TAMS 0x00000000c4800000, 0x00000000c4800000| Untracked 
|  73|0x00000000c4900000, 0x00000000c4900000, 0x00000000c4a00000|  0%| F|  |TAMS 0x00000000c4900000, 0x00000000c4900000| Untracked 
|  74|0x00000000c4a00000, 0x00000000c4a00000, 0x00000000c4b00000|  0%| F|  |TAMS 0x00000000c4a00000, 0x00000000c4a00000| Untracked 
|  75|0x00000000c4b00000, 0x00000000c4b00000, 0x00000000c4c00000|  0%| F|  |TAMS 0x00000000c4b00000, 0x00000000c4b00000| Untracked 
|  76|0x00000000c4c00000, 0x00000000c4c00000, 0x00000000c4d00000|  0%| F|  |TAMS 0x00000000c4c00000, 0x00000000c4c00000| Untracked 
|  77|0x00000000c4d00000, 0x00000000c4d00000, 0x00000000c4e00000|  0%| F|  |TAMS 0x00000000c4d00000, 0x00000000c4d00000| Untracked 
|  78|0x00000000c4e00000, 0x00000000c4e00000, 0x00000000c4f00000|  0%| F|  |TAMS 0x00000000c4e00000, 0x00000000c4e00000| Untracked 
|  79|0x00000000c4f00000, 0x00000000c4f00000, 0x00000000c5000000|  0%| F|  |TAMS 0x00000000c4f00000, 0x00000000c4f00000| Untracked 
|  80|0x00000000c5000000, 0x00000000c5000000, 0x00000000c5100000|  0%| F|  |TAMS 0x00000000c5000000, 0x00000000c5000000| Untracked 
|  81|0x00000000c5100000, 0x00000000c5100000, 0x00000000c5200000|  0%| F|  |TAMS 0x00000000c5100000, 0x00000000c5100000| Untracked 
|  82|0x00000000c5200000, 0x00000000c5200000, 0x00000000c5300000|  0%| F|  |TAMS 0x00000000c5200000, 0x00000000c5200000| Untracked 
|  83|0x00000000c5300000, 0x00000000c5300000, 0x00000000c5400000|  0%| F|  |TAMS 0x00000000c5300000, 0x00000000c5300000| Untracked 
|  84|0x00000000c5400000, 0x00000000c5400000, 0x00000000c5500000|  0%| F|  |TAMS 0x00000000c5400000, 0x00000000c5400000| Untracked 
|  85|0x00000000c5500000, 0x00000000c5500000, 0x00000000c5600000|  0%| F|  |TAMS 0x00000000c5500000, 0x00000000c5500000| Untracked 
|  86|0x00000000c5600000, 0x00000000c5600000, 0x00000000c5700000|  0%| F|  |TAMS 0x00000000c5600000, 0x00000000c5600000| Untracked 
|  87|0x00000000c5700000, 0x00000000c5700000, 0x00000000c5800000|  0%| F|  |TAMS 0x00000000c5700000, 0x00000000c5700000| Untracked 
|  88|0x00000000c5800000, 0x00000000c5800000, 0x00000000c5900000|  0%| F|  |TAMS 0x00000000c5800000, 0x00000000c5800000| Untracked 
|  89|0x00000000c5900000, 0x00000000c5900000, 0x00000000c5a00000|  0%| F|  |TAMS 0x00000000c5900000, 0x00000000c5900000| Untracked 
|  90|0x00000000c5a00000, 0x00000000c5a00000, 0x00000000c5b00000|  0%| F|  |TAMS 0x00000000c5a00000, 0x00000000c5a00000| Untracked 
|  91|0x00000000c5b00000, 0x00000000c5b00000, 0x00000000c5c00000|  0%| F|  |TAMS 0x00000000c5b00000, 0x00000000c5b00000| Untracked 
|  92|0x00000000c5c00000, 0x00000000c5c00000, 0x00000000c5d00000|  0%| F|  |TAMS 0x00000000c5c00000, 0x00000000c5c00000| Untracked 
|  93|0x00000000c5d00000, 0x00000000c5d00000, 0x00000000c5e00000|  0%| F|  |TAMS 0x00000000c5d00000, 0x00000000c5d00000| Untracked 
|  94|0x00000000c5e00000, 0x00000000c5e00000, 0x00000000c5f00000|  0%| F|  |TAMS 0x00000000c5e00000, 0x00000000c5e00000| Untracked 
|  95|0x00000000c5f00000, 0x00000000c5f00000, 0x00000000c6000000|  0%| F|  |TAMS 0x00000000c5f00000, 0x00000000c5f00000| Untracked 
|  96|0x00000000c6000000, 0x00000000c6000000, 0x00000000c6100000|  0%| F|  |TAMS 0x00000000c6000000, 0x00000000c6000000| Untracked 
|  97|0x00000000c6100000, 0x00000000c6100000, 0x00000000c6200000|  0%| F|  |TAMS 0x00000000c6100000, 0x00000000c6100000| Untracked 
|  98|0x00000000c6200000, 0x00000000c6200000, 0x00000000c6300000|  0%| F|  |TAMS 0x00000000c6200000, 0x00000000c6200000| Untracked 
|  99|0x00000000c6300000, 0x00000000c6300000, 0x00000000c6400000|  0%| F|  |TAMS 0x00000000c6300000, 0x00000000c6300000| Untracked 
| 100|0x00000000c6400000, 0x00000000c6400000, 0x00000000c6500000|  0%| F|  |TAMS 0x00000000c6400000, 0x00000000c6400000| Untracked 
| 101|0x00000000c6500000, 0x00000000c6500000, 0x00000000c6600000|  0%| F|  |TAMS 0x00000000c6500000, 0x00000000c6500000| Untracked 
| 102|0x00000000c6600000, 0x00000000c6600000, 0x00000000c6700000|  0%| F|  |TAMS 0x00000000c6600000, 0x00000000c6600000| Untracked 
| 103|0x00000000c6700000, 0x00000000c6700000, 0x00000000c6800000|  0%| F|  |TAMS 0x00000000c6700000, 0x00000000c6700000| Untracked 
| 104|0x00000000c6800000, 0x00000000c6800000, 0x00000000c6900000|  0%| F|  |TAMS 0x00000000c6800000, 0x00000000c6800000| Untracked 
| 105|0x00000000c6900000, 0x00000000c6900000, 0x00000000c6a00000|  0%| F|  |TAMS 0x00000000c6900000, 0x00000000c6900000| Untracked 
| 106|0x00000000c6a00000, 0x00000000c6a00000, 0x00000000c6b00000|  0%| F|  |TAMS 0x00000000c6a00000, 0x00000000c6a00000| Untracked 
| 107|0x00000000c6b00000, 0x00000000c6b00000, 0x00000000c6c00000|  0%| F|  |TAMS 0x00000000c6b00000, 0x00000000c6b00000| Untracked 
| 108|0x00000000c6c00000, 0x00000000c6c00000, 0x00000000c6d00000|  0%| F|  |TAMS 0x00000000c6c00000, 0x00000000c6c00000| Untracked 
| 109|0x00000000c6d00000, 0x00000000c6d00000, 0x00000000c6e00000|  0%| F|  |TAMS 0x00000000c6d00000, 0x00000000c6d00000| Untracked 
| 110|0x00000000c6e00000, 0x00000000c6e00000, 0x00000000c6f00000|  0%| F|  |TAMS 0x00000000c6e00000, 0x00000000c6e00000| Untracked 
| 111|0x00000000c6f00000, 0x00000000c6f00000, 0x00000000c7000000|  0%| F|  |TAMS 0x00000000c6f00000, 0x00000000c6f00000| Untracked 
| 112|0x00000000c7000000, 0x00000000c7000000, 0x00000000c7100000|  0%| F|  |TAMS 0x00000000c7000000, 0x00000000c7000000| Untracked 
| 113|0x00000000c7100000, 0x00000000c7100000, 0x00000000c7200000|  0%| F|  |TAMS 0x00000000c7100000, 0x00000000c7100000| Untracked 
| 114|0x00000000c7200000, 0x00000000c7200000, 0x00000000c7300000|  0%| F|  |TAMS 0x00000000c7200000, 0x00000000c7200000| Untracked 
| 115|0x00000000c7300000, 0x00000000c7300000, 0x00000000c7400000|  0%| F|  |TAMS 0x00000000c7300000, 0x00000000c7300000| Untracked 
| 116|0x00000000c7400000, 0x00000000c7400000, 0x00000000c7500000|  0%| F|  |TAMS 0x00000000c7400000, 0x00000000c7400000| Untracked 
| 117|0x00000000c7500000, 0x00000000c7500000, 0x00000000c7600000|  0%| F|  |TAMS 0x00000000c7500000, 0x00000000c7500000| Untracked 
| 118|0x00000000c7600000, 0x00000000c7600000, 0x00000000c7700000|  0%| F|  |TAMS 0x00000000c7600000, 0x00000000c7600000| Untracked 
| 119|0x00000000c7700000, 0x00000000c7700000, 0x00000000c7800000|  0%| F|  |TAMS 0x00000000c7700000, 0x00000000c7700000| Untracked 
| 120|0x00000000c7800000, 0x00000000c7800000, 0x00000000c7900000|  0%| F|  |TAMS 0x00000000c7800000, 0x00000000c7800000| Untracked 
| 121|0x00000000c7900000, 0x00000000c7900000, 0x00000000c7a00000|  0%| F|  |TAMS 0x00000000c7900000, 0x00000000c7900000| Untracked 
| 122|0x00000000c7a00000, 0x00000000c7a00000, 0x00000000c7b00000|  0%| F|  |TAMS 0x00000000c7a00000, 0x00000000c7a00000| Untracked 
| 123|0x00000000c7b00000, 0x00000000c7b1fd00, 0x00000000c7c00000| 12%| E|  |TAMS 0x00000000c7b00000, 0x00000000c7b00000| Complete 

Card table byte_map: [0x000001ff85fe0000,0x000001ff861e0000] _byte_map_base: 0x000001ff859e0000

Marking Bits (Prev, Next): (CMBitMap*) 0x000001fffdff3ef0, (CMBitMap*) 0x000001fffdff3eb0
 Prev Bits: [0x000001ff873e0000, 0x000001ff883e0000)
 Next Bits: [0x000001ff863e0000, 0x000001ff873e0000)

Polling page: 0x000001fffe080000

Metaspace:

Usage:
  Non-class:     54.34 MB used.
      Class:      8.99 MB used.
       Both:     63.33 MB used.

Virtual space:
  Non-class space:       64.00 MB reserved,      54.81 MB ( 86%) committed,  1 nodes.
      Class space:        1.00 GB reserved,       9.31 MB ( <1%) committed,  1 nodes.
             Both:        1.06 GB reserved,      64.12 MB (  6%) committed. 

Chunk freelists:
   Non-Class:  9.01 MB
       Class:  6.71 MB
        Both:  15.72 MB

MaxMetaspaceSize: unlimited
CompressedClassSpaceSize: 1.00 GB
Initial GC threshold: 21.00 MB
Current GC threshold: 106.88 MB
CDS: off
MetaspaceReclaimPolicy: balanced
 - commit_granule_bytes: 65536.
 - commit_granule_words: 8192.
 - virtual_space_node_default_size: 8388608.
 - enlarge_chunks_in_place: 1.
 - new_chunks_are_fully_committed: 0.
 - uncommit_free_chunks: 1.
 - use_allocation_guard: 0.
 - handle_deallocations: 1.


Internal statistics:

num_allocs_failed_limit: 8.
num_arena_births: 700.
num_arena_deaths: 224.
num_vsnodes_births: 2.
num_vsnodes_deaths: 0.
num_space_committed: 1026.
num_space_uncommitted: 0.
num_chunks_returned_to_freelist: 279.
num_chunks_taken_from_freelist: 2780.
num_chunk_merges: 97.
num_chunk_splits: 1949.
num_chunks_enlarged: 1483.
num_inconsistent_stats: 0.

CodeCache: size=49152Kb used=17348Kb max_used=19012Kb free=31803Kb
 bounds [0x000001ff82bc0000, 0x000001ff83e60000, 0x000001ff85bc0000]
 total_blobs=10529 nmethods=9888 adapters=568
 compilation: enabled
              stopped_count=0, restarted_count=0
 full_count=0

Compilation events (20 events):
Event: 182.842 Thread 0x000001ff8f03ddc0 10074       1       org.eclipse.lsp4j.jsonrpc.messages.NotificationMessage::getMethod (5 bytes)
Event: 182.842 Thread 0x000001ff8f03ddc0 nmethod 10074 0x000001ff830e6c90 code [0x000001ff830e6e20, 0x000001ff830e6ef8]
Event: 188.619 Thread 0x000001ff8f03ddc0 10075       1       java.util.concurrent.locks.LockSupport::setBlocker (12 bytes)
Event: 188.619 Thread 0x000001ff8f03ddc0 nmethod 10075 0x000001ff830e6990 code [0x000001ff830e6b20, 0x000001ff830e6c18]
Event: 258.620 Thread 0x000001ff8f03ddc0 10076       1       java.util.concurrent.TimeUnit::toNanos (45 bytes)
Event: 258.620 Thread 0x000001ff8f03ddc0 nmethod 10076 0x000001ff830e6590 code [0x000001ff830e6740, 0x000001ff830e68d8]
Event: 262.483 Thread 0x000001ff8f03ddc0 10077       1       java.util.concurrent.ThreadPoolExecutor::isShutdown (12 bytes)
Event: 262.483 Thread 0x000001ff8f03ddc0 nmethod 10077 0x000001ff830e6290 code [0x000001ff830e6420, 0x000001ff830e6518]
Event: 278.615 Thread 0x000001ff8f03ddc0 10078       1       java.util.concurrent.ScheduledThreadPoolExecutor::canRunInCurrentRunState (61 bytes)
Event: 278.616 Thread 0x000001ff8f03ddc0 nmethod 10078 0x000001ff830e5c90 code [0x000001ff830e5e60, 0x000001ff830e6138]
Event: 364.528 Thread 0x000001ff8f03ddc0 10079       1       java.lang.ProcessImpl::needsEscaping (169 bytes)
Event: 364.529 Thread 0x000001ff8f03ddc0 nmethod 10079 0x000001ff830e4f10 code [0x000001ff830e5160, 0x000001ff830e5868]
Event: 364.529 Thread 0x000001ff8f03ddc0 10080       1       java.lang.ProcessImpl::unQuote (40 bytes)
Event: 364.530 Thread 0x000001ff8f03ddc0 nmethod 10080 0x000001ff830e4a10 code [0x000001ff830e4bc0, 0x000001ff830e4d88]
Event: 398.723 Thread 0x000001ff8f03ddc0 10081       1       java.util.concurrent.ThreadPoolExecutor::getQueue (5 bytes)
Event: 398.723 Thread 0x000001ff8f03ddc0 nmethod 10081 0x000001ff830e4710 code [0x000001ff830e48a0, 0x000001ff830e4978]
Event: 408.624 Thread 0x000001ff8f03ddc0 10082       1       java.util.concurrent.ScheduledThreadPoolExecutor$DelayedWorkQueue::setIndex (16 bytes)
Event: 408.625 Thread 0x000001ff8f03ddc0 nmethod 10082 0x000001ff830e4390 code [0x000001ff830e4520, 0x000001ff830e4638]
Event: 418.625 Thread 0x000001ff8f03ddc0 10083       1       java.util.concurrent.ScheduledThreadPoolExecutor$ScheduledFutureTask::getDelay (16 bytes)
Event: 418.625 Thread 0x000001ff8f03ddc0 nmethod 10083 0x000001ff830e4010 code [0x000001ff830e41a0, 0x000001ff830e42c8]

GC Heap History (20 events):
Event: 415.898 GC heap before
{Heap before GC invocations=108 (full 30):
 garbage-first heap   total 126976K, used 37098K [0x00000000c0000000, 0x0000000100000000)
  region size 1024K, 1 young (1024K), 0 survivors (0K)
 Metaspace       used 64850K, committed 65664K, reserved 1114112K
  class space    used 9209K, committed 9536K, reserved 1048576K
}
Event: 415.943 GC heap after
{Heap after GC invocations=109 (full 31):
 garbage-first heap   total 126976K, used 37098K [0x00000000c0000000, 0x0000000100000000)
  region size 1024K, 0 young (0K), 0 survivors (0K)
 Metaspace       used 64850K, committed 65664K, reserved 1114112K
  class space    used 9209K, committed 9536K, reserved 1048576K
}
Event: 426.135 GC heap before
{Heap before GC invocations=109 (full 31):
 garbage-first heap   total 126976K, used 37098K [0x00000000c0000000, 0x0000000100000000)
  region size 1024K, 1 young (1024K), 0 survivors (0K)
 Metaspace       used 64850K, committed 65664K, reserved 1114112K
  class space    used 9209K, committed 9536K, reserved 1048576K
}
Event: 426.191 GC heap after
{Heap after GC invocations=110 (full 32):
 garbage-first heap   total 126976K, used 37098K [0x00000000c0000000, 0x0000000100000000)
  region size 1024K, 0 young (0K), 0 survivors (0K)
 Metaspace       used 64850K, committed 65664K, reserved 1114112K
  class space    used 9209K, committed 9536K, reserved 1048576K
}
Event: 436.430 GC heap before
{Heap before GC invocations=110 (full 32):
 garbage-first heap   total 126976K, used 37098K [0x00000000c0000000, 0x0000000100000000)
  region size 1024K, 1 young (1024K), 0 survivors (0K)
 Metaspace       used 64850K, committed 65664K, reserved 1114112K
  class space    used 9209K, committed 9536K, reserved 1048576K
}
Event: 436.493 GC heap after
{Heap after GC invocations=111 (full 33):
 garbage-first heap   total 126976K, used 37098K [0x00000000c0000000, 0x0000000100000000)
  region size 1024K, 0 young (0K), 0 survivors (0K)
 Metaspace       used 64850K, committed 65664K, reserved 1114112K
  class space    used 9209K, committed 9536K, reserved 1048576K
}
Event: 446.713 GC heap before
{Heap before GC invocations=111 (full 33):
 garbage-first heap   total 126976K, used 37098K [0x00000000c0000000, 0x0000000100000000)
  region size 1024K, 1 young (1024K), 0 survivors (0K)
 Metaspace       used 64850K, committed 65664K, reserved 1114112K
  class space    used 9209K, committed 9536K, reserved 1048576K
}
Event: 446.774 GC heap after
{Heap after GC invocations=112 (full 34):
 garbage-first heap   total 126976K, used 37098K [0x00000000c0000000, 0x0000000100000000)
  region size 1024K, 0 young (0K), 0 survivors (0K)
 Metaspace       used 64850K, committed 65664K, reserved 1114112K
  class space    used 9209K, committed 9536K, reserved 1048576K
}
Event: 456.968 GC heap before
{Heap before GC invocations=112 (full 34):
 garbage-first heap   total 126976K, used 37098K [0x00000000c0000000, 0x0000000100000000)
  region size 1024K, 1 young (1024K), 0 survivors (0K)
 Metaspace       used 64850K, committed 65664K, reserved 1114112K
  class space    used 9209K, committed 9536K, reserved 1048576K
}
Event: 457.019 GC heap after
{Heap after GC invocations=113 (full 35):
 garbage-first heap   total 126976K, used 37098K [0x00000000c0000000, 0x0000000100000000)
  region size 1024K, 0 young (0K), 0 survivors (0K)
 Metaspace       used 64850K, committed 65664K, reserved 1114112K
  class space    used 9209K, committed 9536K, reserved 1048576K
}
Event: 467.211 GC heap before
{Heap before GC invocations=113 (full 35):
 garbage-first heap   total 126976K, used 37098K [0x00000000c0000000, 0x0000000100000000)
  region size 1024K, 1 young (1024K), 0 survivors (0K)
 Metaspace       used 64850K, committed 65664K, reserved 1114112K
  class space    used 9209K, committed 9536K, reserved 1048576K
}
Event: 467.269 GC heap after
{Heap after GC invocations=114 (full 36):
 garbage-first heap   total 126976K, used 37098K [0x00000000c0000000, 0x0000000100000000)
  region size 1024K, 0 young (0K), 0 survivors (0K)
 Metaspace       used 64850K, committed 65664K, reserved 1114112K
  class space    used 9209K, committed 9536K, reserved 1048576K
}
Event: 477.469 GC heap before
{Heap before GC invocations=114 (full 36):
 garbage-first heap   total 126976K, used 37098K [0x00000000c0000000, 0x0000000100000000)
  region size 1024K, 1 young (1024K), 0 survivors (0K)
 Metaspace       used 64850K, committed 65664K, reserved 1114112K
  class space    used 9209K, committed 9536K, reserved 1048576K
}
Event: 477.522 GC heap after
{Heap after GC invocations=115 (full 37):
 garbage-first heap   total 126976K, used 37098K [0x00000000c0000000, 0x0000000100000000)
  region size 1024K, 0 young (0K), 0 survivors (0K)
 Metaspace       used 64850K, committed 65664K, reserved 1114112K
  class space    used 9209K, committed 9536K, reserved 1048576K
}
Event: 487.705 GC heap before
{Heap before GC invocations=115 (full 37):
 garbage-first heap   total 126976K, used 37098K [0x00000000c0000000, 0x0000000100000000)
  region size 1024K, 1 young (1024K), 0 survivors (0K)
 Metaspace       used 64850K, committed 65664K, reserved 1114112K
  class space    used 9209K, committed 9536K, reserved 1048576K
}
Event: 487.755 GC heap after
{Heap after GC invocations=116 (full 38):
 garbage-first heap   total 126976K, used 37098K [0x00000000c0000000, 0x0000000100000000)
  region size 1024K, 0 young (0K), 0 survivors (0K)
 Metaspace       used 64850K, committed 65664K, reserved 1114112K
  class space    used 9209K, committed 9536K, reserved 1048576K
}
Event: 497.978 GC heap before
{Heap before GC invocations=116 (full 38):
 garbage-first heap   total 126976K, used 37098K [0x00000000c0000000, 0x0000000100000000)
  region size 1024K, 1 young (1024K), 0 survivors (0K)
 Metaspace       used 64850K, committed 65664K, reserved 1114112K
  class space    used 9209K, committed 9536K, reserved 1048576K
}
Event: 498.028 GC heap after
{Heap after GC invocations=117 (full 39):
 garbage-first heap   total 126976K, used 37098K [0x00000000c0000000, 0x0000000100000000)
  region size 1024K, 0 young (0K), 0 survivors (0K)
 Metaspace       used 64850K, committed 65664K, reserved 1114112K
  class space    used 9209K, committed 9536K, reserved 1048576K
}
Event: 508.228 GC heap before
{Heap before GC invocations=117 (full 39):
 garbage-first heap   total 126976K, used 37098K [0x00000000c0000000, 0x0000000100000000)
  region size 1024K, 1 young (1024K), 0 survivors (0K)
 Metaspace       used 64850K, committed 65664K, reserved 1114112K
  class space    used 9209K, committed 9536K, reserved 1048576K
}
Event: 508.283 GC heap after
{Heap after GC invocations=118 (full 40):
 garbage-first heap   total 126976K, used 37098K [0x00000000c0000000, 0x0000000100000000)
  region size 1024K, 0 young (0K), 0 survivors (0K)
 Metaspace       used 64850K, committed 65664K, reserved 1114112K
  class space    used 9209K, committed 9536K, reserved 1048576K
}

Dll operation events (10 events):
Event: 0.030 Loaded shared library c:\Users\tjdng\.vscode\extensions\redhat.java-1.19.0-win32-x64\jre\17.0.7-win32-x86_64\bin\java.dll
Event: 0.751 Loaded shared library C:\Users\tjdng\.vscode\extensions\redhat.java-1.19.0-win32-x64\jre\17.0.7-win32-x86_64\bin\net.dll
Event: 0.756 Loaded shared library C:\Users\tjdng\.vscode\extensions\redhat.java-1.19.0-win32-x64\jre\17.0.7-win32-x86_64\bin\nio.dll
Event: 0.812 Loaded shared library C:\Users\tjdng\.vscode\extensions\redhat.java-1.19.0-win32-x64\jre\17.0.7-win32-x86_64\bin\zip.dll
Event: 1.219 Loaded shared library C:\Users\tjdng\.vscode\extensions\redhat.java-1.19.0-win32-x64\jre\17.0.7-win32-x86_64\bin\jimage.dll
Event: 8.783 Loaded shared library C:\Users\tjdng\.vscode\extensions\redhat.java-1.19.0-win32-x64\jre\17.0.7-win32-x86_64\bin\management.dll
Event: 8.786 Loaded shared library C:\Users\tjdng\.vscode\extensions\redhat.java-1.19.0-win32-x64\jre\17.0.7-win32-x86_64\bin\management_ext.dll
Event: 11.262 Loaded shared library C:\Users\tjdng\.vscode\extensions\redhat.java-1.19.0-win32-x64\jre\17.0.7-win32-x86_64\bin\sunmscapi.dll
Event: 24.661 Loaded shared library c:\Users\tjdng\.vscode\extensions\redhat.java-1.19.0-win32-x64\jre\17.0.7-win32-x86_64\bin\verify.dll
Event: 31.247 Loaded shared library C:\Users\tjdng\AppData\Local\Temp\snappy-1.1.8-ce62ddfc-aa68-4544-bd63-0acf3e2583e2-snappyjava.dll

Deoptimization events (20 events):
Event: 26.155 Thread 0x000001ff9081aef0 DEOPT PACKING pc=0x000001ff839831a4 sp=0x0000008c25bfde80
Event: 26.155 Thread 0x000001ff9081aef0 DEOPT UNPACKING pc=0x000001ff82c17143 sp=0x0000008c25bfd400 mode 0
Event: 26.156 Thread 0x000001ff9081aef0 DEOPT PACKING pc=0x000001ff839f00ac sp=0x0000008c25bfe1a0
Event: 26.156 Thread 0x000001ff9081aef0 DEOPT UNPACKING pc=0x000001ff82c17143 sp=0x0000008c25bfd630 mode 0
Event: 29.402 Thread 0x000001ff909c6f00 DEOPT PACKING pc=0x000001ff82d9f6ec sp=0x0000008c25efe040
Event: 29.403 Thread 0x000001ff909c6f00 DEOPT UNPACKING pc=0x000001ff82c17143 sp=0x0000008c25efd5a8 mode 0
Event: 30.944 Thread 0x000001ff909c6f00 DEOPT PACKING pc=0x000001ff83c6a70c sp=0x0000008c25efd810
Event: 30.944 Thread 0x000001ff909c6f00 DEOPT UNPACKING pc=0x000001ff82c17143 sp=0x0000008c25efcd58 mode 0
Event: 30.947 Thread 0x000001ff909c6f00 DEOPT PACKING pc=0x000001ff83c6a76c sp=0x0000008c25efdb70
Event: 30.947 Thread 0x000001ff909c6f00 DEOPT UNPACKING pc=0x000001ff82c17143 sp=0x0000008c25efd0c0 mode 0
Event: 30.947 Thread 0x000001ff909c6f00 DEOPT PACKING pc=0x000001ff83c6a76c sp=0x0000008c25efde00
Event: 30.947 Thread 0x000001ff909c6f00 DEOPT UNPACKING pc=0x000001ff82c17143 sp=0x0000008c25efd350 mode 0
Event: 30.948 Thread 0x000001ff909c6f00 DEOPT PACKING pc=0x000001ff83c6a76c sp=0x0000008c25efe130
Event: 30.948 Thread 0x000001ff909c6f00 DEOPT UNPACKING pc=0x000001ff82c17143 sp=0x0000008c25efd680 mode 0
Event: 30.948 Thread 0x000001ff909c6f00 DEOPT PACKING pc=0x000001ff83c6a76c sp=0x0000008c25efe410
Event: 30.948 Thread 0x000001ff909c6f00 DEOPT UNPACKING pc=0x000001ff82c17143 sp=0x0000008c25efd960 mode 0
Event: 31.049 Thread 0x000001ff909c6f00 DEOPT PACKING pc=0x000001ff83c8ad2c sp=0x0000008c25efde00
Event: 31.049 Thread 0x000001ff909c6f00 DEOPT UNPACKING pc=0x000001ff82c17143 sp=0x0000008c25efd398 mode 0
Event: 180.818 Thread 0x000001ff90437050 DEOPT PACKING pc=0x000001ff8323efd4 sp=0x0000008c255ff2f0
Event: 180.818 Thread 0x000001ff90437050 DEOPT UNPACKING pc=0x000001ff82c17143 sp=0x0000008c255fe798 mode 0

Classes unloaded (20 events):
Event: 140.669 Thread 0x000001ff8ae5fcb0 Unloading class 0x0000000100399400 'java/lang/invoke/LambdaForm$MH+0x0000000100399400'
Event: 140.669 Thread 0x000001ff8ae5fcb0 Unloading class 0x0000000100399000 'java/lang/invoke/LambdaForm$MH+0x0000000100399000'
Event: 140.669 Thread 0x000001ff8ae5fcb0 Unloading class 0x0000000100091c00 'java/lang/invoke/LambdaForm$MH+0x0000000100091c00'
Event: 140.669 Thread 0x000001ff8ae5fcb0 Unloading class 0x0000000100091800 'java/lang/invoke/LambdaForm$MH+0x0000000100091800'
Event: 140.669 Thread 0x000001ff8ae5fcb0 Unloading class 0x0000000100091400 'java/lang/invoke/LambdaForm$MH+0x0000000100091400'
Event: 140.669 Thread 0x000001ff8ae5fcb0 Unloading class 0x0000000100091000 'java/lang/invoke/LambdaForm$MH+0x0000000100091000'
Event: 140.669 Thread 0x000001ff8ae5fcb0 Unloading class 0x0000000100090c00 'java/lang/invoke/LambdaForm$MH+0x0000000100090c00'
Event: 140.669 Thread 0x000001ff8ae5fcb0 Unloading class 0x0000000100090800 'java/lang/invoke/LambdaForm$MH+0x0000000100090800'
Event: 140.669 Thread 0x000001ff8ae5fcb0 Unloading class 0x0000000100090400 'java/lang/invoke/LambdaForm$MH+0x0000000100090400'
Event: 140.669 Thread 0x000001ff8ae5fcb0 Unloading class 0x0000000100090000 'java/lang/invoke/LambdaForm$MH+0x0000000100090000'
Event: 140.669 Thread 0x000001ff8ae5fcb0 Unloading class 0x000000010008b800 'java/lang/invoke/LambdaForm$MH+0x000000010008b800'
Event: 140.669 Thread 0x000001ff8ae5fcb0 Unloading class 0x000000010008b400 'java/lang/invoke/LambdaForm$MH+0x000000010008b400'
Event: 140.669 Thread 0x000001ff8ae5fcb0 Unloading class 0x000000010008b000 'java/lang/invoke/LambdaForm$MH+0x000000010008b000'
Event: 140.669 Thread 0x000001ff8ae5fcb0 Unloading class 0x000000010008ac00 'java/lang/invoke/LambdaForm$MH+0x000000010008ac00'
Event: 140.669 Thread 0x000001ff8ae5fcb0 Unloading class 0x000000010008a800 'java/lang/invoke/LambdaForm$MH+0x000000010008a800'
Event: 140.669 Thread 0x000001ff8ae5fcb0 Unloading class 0x000000010008a400 'java/lang/invoke/LambdaForm$MH+0x000000010008a400'
Event: 140.669 Thread 0x000001ff8ae5fcb0 Unloading class 0x0000000100089c00 'java/lang/invoke/LambdaForm$MH+0x0000000100089c00'
Event: 140.669 Thread 0x000001ff8ae5fcb0 Unloading class 0x0000000100089400 'java/lang/invoke/LambdaForm$MH+0x0000000100089400'
Event: 140.669 Thread 0x000001ff8ae5fcb0 Unloading class 0x0000000100088c00 'java/lang/invoke/LambdaForm$MH+0x0000000100088c00'
Event: 140.669 Thread 0x000001ff8ae5fcb0 Unloading class 0x0000000100088400 'java/lang/invoke/LambdaForm$MH+0x0000000100088400'

Classes redefined (0 events):
No events

Internal exceptions (20 events):
Event: 32.947 Thread 0x000001ff909c6f00 Exception <a 'sun/nio/fs/WindowsException'{0x00000000f274d668}> (0x00000000f274d668) 
thrown [s\src\hotspot\share\prims\jni.cpp, line 516]
Event: 32.947 Thread 0x000001ff909c6f00 Exception <a 'sun/nio/fs/WindowsException'{0x00000000f274dbe8}> (0x00000000f274dbe8) 
thrown [s\src\hotspot\share\prims\jni.cpp, line 516]
Event: 32.947 Thread 0x000001ff909c6f00 Exception <a 'sun/nio/fs/WindowsException'{0x00000000f274eca0}> (0x00000000f274eca0) 
thrown [s\src\hotspot\share\prims\jni.cpp, line 516]
Event: 32.947 Thread 0x000001ff909c6f00 Exception <a 'sun/nio/fs/WindowsException'{0x00000000f274f220}> (0x00000000f274f220) 
thrown [s\src\hotspot\share\prims\jni.cpp, line 516]
Event: 32.947 Thread 0x000001ff909c6f00 Exception <a 'sun/nio/fs/WindowsException'{0x00000000f2759658}> (0x00000000f2759658) 
thrown [s\src\hotspot\share\prims\jni.cpp, line 516]
Event: 32.947 Thread 0x000001ff909c6f00 Exception <a 'sun/nio/fs/WindowsException'{0x00000000f2759c00}> (0x00000000f2759c00) 
thrown [s\src\hotspot\share\prims\jni.cpp, line 516]
Event: 32.950 Thread 0x000001ff909c6f00 Exception <a 'sun/nio/fs/WindowsException'{0x00000000f27877b0}> (0x00000000f27877b0) 
thrown [s\src\hotspot\share\prims\jni.cpp, line 516]
Event: 32.950 Thread 0x000001ff909c6f00 Exception <a 'sun/nio/fs/WindowsException'{0x00000000f2787d70}> (0x00000000f2787d70) 
thrown [s\src\hotspot\share\prims\jni.cpp, line 516]
Event: 32.950 Thread 0x000001ff909c6f00 Exception <a 'sun/nio/fs/WindowsException'{0x00000000f27893b8}> (0x00000000f27893b8) 
thrown [s\src\hotspot\share\prims\jni.cpp, line 516]
Event: 32.950 Thread 0x000001ff909c6f00 Exception <a 'sun/nio/fs/WindowsException'{0x00000000f2789978}> (0x00000000f2789978) 
thrown [s\src\hotspot\share\prims\jni.cpp, line 516]
Event: 32.950 Thread 0x000001ff909c6f00 Exception <a 'sun/nio/fs/WindowsException'{0x00000000f278b6b8}> (0x00000000f278b6b8) 
thrown [s\src\hotspot\share\prims\jni.cpp, line 516]
Event: 32.950 Thread 0x000001ff909c6f00 Exception <a 'sun/nio/fs/WindowsException'{0x00000000f278bca8}> (0x00000000f278bca8) 
thrown [s\src\hotspot\share\prims\jni.cpp, line 516]
Event: 32.951 Thread 0x000001ff909c6f00 Exception <a 'sun/nio/fs/WindowsException'{0x00000000f27b3c90}> (0x00000000f27b3c90) 
thrown [s\src\hotspot\share\prims\jni.cpp, line 516]
Event: 32.951 Thread 0x000001ff909c6f00 Exception <a 'sun/nio/fs/WindowsException'{0x00000000f27b4240}> (0x00000000f27b4240) 
thrown [s\src\hotspot\share\prims\jni.cpp, line 516]
Event: 32.952 Thread 0x000001ff909c6f00 Exception <a 'sun/nio/fs/WindowsException'{0x00000000f27b5878}> (0x00000000f27b5878) 
thrown [s\src\hotspot\share\prims\jni.cpp, line 516]
Event: 32.952 Thread 0x000001ff909c6f00 Exception <a 'sun/nio/fs/WindowsException'{0x00000000f27b5e28}> (0x00000000f27b5e28) 
thrown [s\src\hotspot\share\prims\jni.cpp, line 516]
Event: 32.952 Thread 0x000001ff909c6f00 Exception <a 'sun/nio/fs/WindowsException'{0x00000000f27bb158}> (0x00000000f27bb158) 
thrown [s\src\hotspot\share\prims\jni.cpp, line 516]
Event: 32.952 Thread 0x000001ff909c6f00 Exception <a 'sun/nio/fs/WindowsException'{0x00000000f27bb730}> (0x00000000f27bb730) 
thrown [s\src\hotspot\share\prims\jni.cpp, line 516]
Event: 68.800 Thread 0x000001ff906bd0a0 Exception <a 'java/lang/NoSuchMethodError'{0x00000000f25b2668}: 'void java.lang.invoke.DirectMethodHandle$Holder.invokeStatic(java.lang.Object, long)'> (0x00000000f25b2668) 
thrown [s\src\hotspot\share\interpreter\linkResolver.cpp, line 759]
Event: 68.801 Thread 0x000001ff906bd0a0 Exception <a 'java/lang/NoSuchMethodError'{0x00000000f25b7a18}: 'java.lang.Object java.lang.invoke.DirectMethodHandle$Holder.newInvokeSpecial(java.lang.Object, long)'> (0x00000000f25b7a18) 
thrown [s\src\hotspot\share\interpreter\linkResolver.cpp, line 759]

VM Operations (20 events):
Event: 415.943 Executing VM operation: G1CollectFull done
Event: 426.135 Executing VM operation: G1CollectFull
Event: 426.191 Executing VM operation: G1CollectFull done
Event: 436.429 Executing VM operation: G1CollectFull
Event: 436.493 Executing VM operation: G1CollectFull done
Event: 446.713 Executing VM operation: G1CollectFull
Event: 446.774 Executing VM operation: G1CollectFull done
Event: 456.968 Executing VM operation: G1CollectFull
Event: 457.019 Executing VM operation: G1CollectFull done
Event: 467.211 Executing VM operation: G1CollectFull
Event: 467.269 Executing VM operation: G1CollectFull done
Event: 477.469 Executing VM operation: G1CollectFull
Event: 477.522 Executing VM operation: G1CollectFull done
Event: 487.705 Executing VM operation: G1CollectFull
Event: 487.755 Executing VM operation: G1CollectFull done
Event: 497.978 Executing VM operation: G1CollectFull
Event: 498.028 Executing VM operation: G1CollectFull done
Event: 508.228 Executing VM operation: G1CollectFull
Event: 508.283 Executing VM operation: G1CollectFull done
Event: 518.457 Executing VM operation: G1CollectFull

Events (20 events):
Event: 42.998 Thread 0x000001ff90b11010 Thread exited: 0x000001ff90b11010
Event: 48.001 Thread 0x000001ff90b8a8d0 Thread exited: 0x000001ff90b8a8d0
Event: 48.716 Thread 0x000001ff909c6f00 Thread exited: 0x000001ff909c6f00
Event: 68.797 loading class java/lang/ProcessBuilder
Event: 68.797 loading class java/lang/ProcessBuilder done
Event: 68.797 loading class java/lang/ProcessImpl
Event: 68.797 loading class java/lang/ProcessImpl done
Event: 68.801 loading class java/lang/ProcessImpl$2
Event: 68.801 loading class java/lang/ProcessImpl$2 done
Event: 68.801 loading class java/lang/Process$PipeInputStream
Event: 68.801 loading class java/lang/Process$PipeInputStream done
Event: 68.802 loading class jdk/internal/event/ProcessStartEvent
Event: 68.803 loading class jdk/internal/event/ProcessStartEvent done
Event: 69.833 Thread 0x000001ff9081a550 Thread exited: 0x000001ff9081a550
Event: 70.896 Thread 0x000001ff9080d2b0 Thread exited: 0x000001ff9080d2b0
Event: 70.896 Thread 0x000001ff907dfd20 Thread exited: 0x000001ff907dfd20
Event: 86.699 Thread 0x000001ff9081aef0 Thread exited: 0x000001ff9081aef0
Event: 146.713 Thread 0x000001ff909c43b0 Thread exited: 0x000001ff909c43b0
Event: 206.715 Thread 0x000001ff909c56f0 Thread exited: 0x000001ff909c56f0
Event: 266.731 Thread 0x000001ff909c5bc0 Thread exited: 0x000001ff909c5bc0


Dynamic libraries:
0x00007ff6d84f0000 - 0x00007ff6d84fe000 	c:\Users\tjdng\.vscode\extensions\redhat.java-1.19.0-win32-x64\jre\17.0.7-win32-x86_64\bin\java.exe
0x00007ffe28ab0000 - 0x00007ffe28ca8000 	C:\Windows\SYSTEM32\ntdll.dll
0x00007ffe27ce0000 - 0x00007ffe27d9f000 	C:\Windows\System32\KERNEL32.DLL
0x00007ffe262a0000 - 0x00007ffe26596000 	C:\Windows\System32\KERNELBASE.dll
0x00007ffe26890000 - 0x00007ffe26990000 	C:\Windows\System32\ucrtbase.dll
0x00007ffe07480000 - 0x00007ffe07497000 	c:\Users\tjdng\.vscode\extensions\redhat.java-1.19.0-win32-x64\jre\17.0.7-win32-x86_64\bin\jli.dll
0x00007ffe26db0000 - 0x00007ffe26f4d000 	C:\Windows\System32\USER32.dll
0x00007ffe26190000 - 0x00007ffe261b2000 	C:\Windows\System32\win32u.dll
0x00007ffe27db0000 - 0x00007ffe27ddc000 	C:\Windows\System32\GDI32.dll
0x00007ffe26770000 - 0x00007ffe26885000 	C:\Windows\System32\gdi32full.dll
0x00007ffe26990000 - 0x00007ffe26a2d000 	C:\Windows\System32\msvcp_win.dll
0x00007ffe07160000 - 0x00007ffe07179000 	c:\Users\tjdng\.vscode\extensions\redhat.java-1.19.0-win32-x64\jre\17.0.7-win32-x86_64\bin\VCRUNTIME140.dll
0x00007ffe17530000 - 0x00007ffe177ca000 	C:\Windows\WinSxS\amd64_microsoft.windows.common-controls_6595b64144ccf1df_6.0.19041.1110_none_60b5254171f9507e\COMCTL32.dll
0x00007ffe26c40000 - 0x00007ffe26cde000 	C:\Windows\System32\msvcrt.dll
0x00007ffe26ce0000 - 0x00007ffe26d10000 	C:\Windows\System32\IMM32.DLL
0x00007ffe186b0000 - 0x00007ffe186bc000 	c:\Users\tjdng\.vscode\extensions\redhat.java-1.19.0-win32-x64\jre\17.0.7-win32-x86_64\bin\vcruntime140_1.dll
0x00007ffdebd90000 - 0x00007ffdebe21000 	c:\Users\tjdng\.vscode\extensions\redhat.java-1.19.0-win32-x64\jre\17.0.7-win32-x86_64\bin\msvcp140.dll
0x00007ffddee80000 - 0x00007ffddfac8000 	c:\Users\tjdng\.vscode\extensions\redhat.java-1.19.0-win32-x64\jre\17.0.7-win32-x86_64\bin\server\jvm.dll
0x00007ffe289c0000 - 0x00007ffe28a6f000 	C:\Windows\System32\ADVAPI32.dll
0x00007ffe26d10000 - 0x00007ffe26dac000 	C:\Windows\System32\sechost.dll
0x00007ffe26fe0000 - 0x00007ffe27106000 	C:\Windows\System32\RPCRT4.dll
0x00007ffe11de0000 - 0x00007ffe11de9000 	C:\Windows\SYSTEM32\WSOCK32.dll
0x00007ffe27df0000 - 0x00007ffe27e5b000 	C:\Windows\System32\WS2_32.dll
0x00007ffe17e40000 - 0x00007ffe17e67000 	C:\Windows\SYSTEM32\WINMM.dll
0x00007ffe1e8b0000 - 0x00007ffe1e8ba000 	C:\Windows\SYSTEM32\VERSION.dll
0x00007ffe249d0000 - 0x00007ffe249e2000 	C:\Windows\SYSTEM32\kernel.appcore.dll
0x00007ffe183f0000 - 0x00007ffe183fa000 	c:\Users\tjdng\.vscode\extensions\redhat.java-1.19.0-win32-x64\jre\17.0.7-win32-x86_64\bin\jimage.dll
0x00007ffe23d90000 - 0x00007ffe23f74000 	C:\Windows\SYSTEM32\DBGHELP.DLL
0x00007ffe131f0000 - 0x00007ffe13224000 	C:\Windows\SYSTEM32\dbgcore.DLL
0x00007ffe26a30000 - 0x00007ffe26ab2000 	C:\Windows\System32\bcryptPrimitives.dll
0x00007ffe00310000 - 0x00007ffe00335000 	c:\Users\tjdng\.vscode\extensions\redhat.java-1.19.0-win32-x64\jre\17.0.7-win32-x86_64\bin\java.dll
0x00007ffe04c70000 - 0x00007ffe04c88000 	c:\Users\tjdng\.vscode\extensions\redhat.java-1.19.0-win32-x64\jre\17.0.7-win32-x86_64\bin\zip.dll
0x00007ffe27fc0000 - 0x00007ffe28704000 	C:\Windows\System32\SHELL32.dll
0x00007ffe24210000 - 0x00007ffe249a3000 	C:\Windows\SYSTEM32\windows.storage.dll
0x00007ffe271f0000 - 0x00007ffe27544000 	C:\Windows\System32\combase.dll
0x00007ffe25be0000 - 0x00007ffe25c0e000 	C:\Windows\SYSTEM32\Wldp.dll
0x00007ffe27550000 - 0x00007ffe275fd000 	C:\Windows\System32\SHCORE.dll
0x00007ffe27f60000 - 0x00007ffe27fb5000 	C:\Windows\System32\shlwapi.dll
0x00007ffe260d0000 - 0x00007ffe260ef000 	C:\Windows\SYSTEM32\profapi.dll
0x00007ffe023f0000 - 0x00007ffe02409000 	C:\Users\tjdng\.vscode\extensions\redhat.java-1.19.0-win32-x64\jre\17.0.7-win32-x86_64\bin\net.dll
0x00007ffe1d100000 - 0x00007ffe1d20a000 	C:\Windows\SYSTEM32\WINHTTP.dll
0x00007ffe25940000 - 0x00007ffe259aa000 	C:\Windows\system32\mswsock.dll
0x00007ffe01610000 - 0x00007ffe01625000 	C:\Users\tjdng\.vscode\extensions\redhat.java-1.19.0-win32-x64\jre\17.0.7-win32-x86_64\bin\nio.dll
0x00007ffe25b30000 - 0x00007ffe25b48000 	C:\Windows\SYSTEM32\CRYPTSP.dll
0x00007ffe251f0000 - 0x00007ffe25224000 	C:\Windows\system32\rsaenh.dll
0x00007ffe26270000 - 0x00007ffe26297000 	C:\Windows\System32\bcrypt.dll
0x00007ffe26090000 - 0x00007ffe260be000 	C:\Windows\SYSTEM32\USERENV.dll
0x00007ffe25b50000 - 0x00007ffe25b5c000 	C:\Windows\SYSTEM32\CRYPTBASE.dll
0x00007ffe255e0000 - 0x00007ffe2561c000 	C:\Windows\SYSTEM32\IPHLPAPI.DLL
0x00007ffe27da0000 - 0x00007ffe27da8000 	C:\Windows\System32\NSI.dll
0x00007ffe1e5a0000 - 0x00007ffe1e5b7000 	C:\Windows\SYSTEM32\dhcpcsvc6.DLL
0x00007ffe1e990000 - 0x00007ffe1e9ad000 	C:\Windows\SYSTEM32\dhcpcsvc.DLL
0x00007ffe25630000 - 0x00007ffe256fa000 	C:\Windows\SYSTEM32\DNSAPI.dll
0x00007ffe18640000 - 0x00007ffe18649000 	C:\Users\tjdng\.vscode\extensions\redhat.java-1.19.0-win32-x64\jre\17.0.7-win32-x86_64\bin\management.dll
0x00007ffe18630000 - 0x00007ffe1863b000 	C:\Users\tjdng\.vscode\extensions\redhat.java-1.19.0-win32-x64\jre\17.0.7-win32-x86_64\bin\management_ext.dll
0x00007ffe27cd0000 - 0x00007ffe27cd8000 	C:\Windows\System32\PSAPI.DLL
0x00007ffe18600000 - 0x00007ffe1860e000 	C:\Users\tjdng\.vscode\extensions\redhat.java-1.19.0-win32-x64\jre\17.0.7-win32-x86_64\bin\sunmscapi.dll
0x00007ffe26610000 - 0x00007ffe2676e000 	C:\Windows\System32\CRYPT32.dll
0x00007ffe25c50000 - 0x00007ffe25c78000 	C:\Windows\SYSTEM32\ncrypt.dll
0x00007ffe25c10000 - 0x00007ffe25c4b000 	C:\Windows\SYSTEM32\NTASN1.dll
0x000000005fbb0000 - 0x000000005fbd6000 	C:\Program Files\Bonjour\mdnsNSP.dll
0x00007ffe1efe0000 - 0x00007ffe1efea000 	C:\Windows\System32\rasadhlp.dll
0x00007ffe16830000 - 0x00007ffe168b2000 	C:\Windows\System32\fwpuclnt.dll
0x00007ffe153a0000 - 0x00007ffe153b0000 	c:\Users\tjdng\.vscode\extensions\redhat.java-1.19.0-win32-x64\jre\17.0.7-win32-x86_64\bin\verify.dll
0x000000006c500000 - 0x000000006c5c7000 	C:\Users\tjdng\AppData\Local\Temp\snappy-1.1.8-ce62ddfc-aa68-4544-bd63-0acf3e2583e2-snappyjava.dll

dbghelp: loaded successfully - version: 4.0.5 - missing functions: none
symbol engine: initialized successfully - sym options: 0x614 - pdb path: .;c:\Users\tjdng\.vscode\extensions\redhat.java-1.19.0-win32-x64\jre\17.0.7-win32-x86_64\bin;C:\Windows\SYSTEM32;C:\Windows\WinSxS\amd64_microsoft.windows.common-controls_6595b64144ccf1df_6.0.19041.1110_none_60b5254171f9507e;c:\Users\tjdng\.vscode\extensions\redhat.java-1.19.0-win32-x64\jre\17.0.7-win32-x86_64\bin\server;C:\Program Files\Bonjour;C:\Users\tjdng\AppData\Local\Temp

VM Arguments:
jvm_args: -XX:+HeapDumpOnOutOfMemoryError -Xmx1024m -Dsts.lsp.client=vscode -Dsts.log.file=/dev/null -XX:TieredStopAtLevel=1 -Xlog:jni+resolve=off -Dspring.config.location=file:c:\Users\tjdng\.vscode\extensions\vmware.vscode-spring-boot-1.47.0\language-server\BOOT-INF\classes\application.properties 
java_command: org.springframework.ide.vscode.boot.app.BootLanguageServerBootApp
java_class_path (initial): c:\Users\tjdng\.vscode\extensions\vmware.vscode-spring-boot-1.47.0\language-server\BOOT-INF\classes;c:\Users\tjdng\.vscode\extensions\vmware.vscode-spring-boot-1.47.0\language-server\BOOT-INF\lib\annotations-24.0.1.jar;c:\Users\tjdng\.vscode\extensions\vmware.vscode-spring-boot-1.47.0\language-server\BOOT-INF\lib\antlr-runtime-3.5.3.jar;c:\Users\tjdng\.vscode\extensions\vmware.vscode-spring-boot-1.47.0\language-server\BOOT-INF\lib\antlr4-4.11.1.jar;c:\Users\tjdng\.vscode\extensions\vmware.vscode-spring-boot-1.47.0\language-server\BOOT-INF\lib\antlr4-runtime-4.11.1.jar;c:\Users\tjdng\.vscode\extensions\vmware.vscode-spring-boot-1.47.0\language-server\BOOT-INF\lib\aopalliance-1.0.jar;c:\Users\tjdng\.vscode\extensions\vmware.vscode-spring-boot-1.47.0\language-server\BOOT-INF\lib\asm-9.5.jar;c:\Users\tjdng\.vscode\extensions\vmware.vscode-spring-boot-1.47.0\language-server\BOOT-INF\lib\asm-analysis-9.5.jar;c:\Users\tjdng\.vscode\extensions\vmware.vscode-spring-boot-1.47.0\language-server\BOOT-INF\lib\asm-tree-9.5.jar;c:\Users\tjdng\.vscode\extensions\vmware.vscode-spring-boot-1.47.0\language-server\BOOT-INF\lib\asm-util-9.5.jar;c:\Users\tjdng\.vscode\extensions\vmware.vscode-spring-boot-1.47.0\language-server\BOOT-INF\lib\auto-common-1.2.1.jar;c:\Users\tjdng\.vscode\extensions\vmware.vscode-spring-boot-1.47.0\language-server\BOOT-INF\lib\auto-value-annotations-1.9.jar;c:\Users\tjdng\.vscode\extensions\vmware.vscode-spring-boot-1.47.0\language-server\BOOT-INF\lib\caffeine-3.1.2.jar;c:\Users\tjdng\.vscode\extensions\vmware.vscode-spring-boot-1.47.0\language-server\BOOT-INF\lib\checker-qual-3.12.0.jar;c:\Users\tjdng\.vscode\extensions\vmware.vscode-spring-boot-1.47.0\language-server\BOOT-INF\lib\classgraph-4.8.149.jar;c:\Users\tjdng\.vscode\extensions\vmware.vscode-spring-boot-1.47.0\language-server\BOOT-INF\lib\commons-codec-1.15.jar;c:\Users\tjdng\.vscode\extensions\vmware.vscode-spring-boot-1.47.0\language-server\BOOT-INF\lib\commons-compres
Launcher Type: SUN_STANDARD

[Global flags]
     intx CICompilerCount                          = 4                                         {product} {ergonomic}
     uint ConcGCThreads                            = 2                                         {product} {ergonomic}
     uint G1ConcRefinementThreads                  = 8                                         {product} {ergonomic}
   size_t G1HeapRegionSize                         = 1048576                                   {product} {ergonomic}
    uintx GCDrainStackTargetSize                   = 64                                        {product} {ergonomic}
     bool HeapDumpOnOutOfMemoryError               = true                                   {manageable} {command line}
   size_t InitialHeapSize                          = 268435456                                 {product} {ergonomic}
   size_t MarkStackSize                            = 4194304                                   {product} {ergonomic}
   size_t MaxHeapSize                              = 1073741824                                {product} {command line}
   size_t MaxNewSize                               = 643825664                                 {product} {ergonomic}
   size_t MinHeapDeltaBytes                        = 1048576                                   {product} {ergonomic}
   size_t MinHeapSize                              = 8388608                                   {product} {ergonomic}
    uintx NonProfiledCodeHeapSize                  = 0                                      {pd product} {ergonomic}
     bool ProfileInterpreter                       = false                                  {pd product} {command line}
    uintx ProfiledCodeHeapSize                     = 0                                      {pd product} {ergonomic}
   size_t SoftMaxHeapSize                          = 1073741824                             {manageable} {ergonomic}
     intx TieredStopAtLevel                        = 1                                         {product} {command line}
     bool UseCompressedClassPointers               = true                           {product lp64_product} {ergonomic}
     bool UseCompressedOops                        = true                           {product lp64_product} {ergonomic}
     bool UseG1GC                                  = true                                      {product} {ergonomic}
     bool UseLargePagesIndividualAllocation        = false                                  {pd product} {ergonomic}

Logging:
Log output configuration:
 #0: stdout all=warning,jni+resolve=off uptime,level,tags
 #1: stderr all=off uptime,level,tags

Environment Variables:
JAVA_HOME=C:\Program Files\Java\jdk-17.0.5
PATH=C:\Program Files\Common Files\Oracle\Java\javapath;C:\Program Files\Eclipse Adoptium\jdk-17.0.5.8-hotspot\bin;C:\Program Files\Microsoft\jdk-11.0.12.7-hotspot\bin;C:\Windows\system32;C:\Windows;C:\Windows\System32\Wbem;C:\Windows\System32\WindowsPowerShell\v1.0\;C:\Windows\System32\OpenSSH\;C:\Program Files\Git\cmd;C:\Program Files\Microsoft SQL Server\150\Tools\Binn\;C:\Program Files\Microsoft SQL Server\Client SDK\ODBC\170\Tools\Binn\;C:\Program Files\dotnet\;C:\Program Files\nodejs\;C:\Program Files\PuTTY\;C:\Program Files\MySQL\MySQL Shell 8.0\bin\;C:\Users\tjdng\AppData\Local\Microsoft\WindowsApps;C:\Users\tjdng\.dotnet\tools;C:\Users\tjdng\AppData\Local\Programs\Microsoft VS Code\bin;C:\Users\tjdng\AppData\Roaming\npm
USERNAME=tjdng
OS=Windows_NT
PROCESSOR_IDENTIFIER=Intel64 Family 6 Model 158 Stepping 9, GenuineIntel
TMP=C:\Users\tjdng\AppData\Local\Temp
TEMP=C:\Users\tjdng\AppData\Local\Temp



---------------  S Y S T E M  ---------------

OS:
 Windows 10 , 64 bit Build 19041 (10.0.19041.3031)
OS uptime: 3 days 19:19 hours

CPU: total 8 (initial active 8) (4 cores per cpu, 2 threads per core) family 6 model 158 stepping 9 microcode 0xb4, cx8, cmov, fxsr, ht, mmx, 3dnowpref, sse, sse2, sse3, ssse3, sse4.1, sse4.2, popcnt, lzcnt, tsc, tscinvbit, avx, avx2, aes, erms, clmul, bmi1, bmi2, adx, fma, vzeroupper, clflush, clflushopt

Memory: 4k page, system-wide physical 16304M (2564M free)
TotalPageFile size 46748M (AvailPageFile size 12M)
current process WorkingSet (physical memory assigned to process): 317M, peak: 1113M
current process commit charge ("private bytes"): 312M, peak: 1110M

vm_info: OpenJDK 64-Bit Server VM (17.0.7+7) for windows-amd64 JRE (17.0.7+7), built on Apr 18 2023 22:10:42 by "temurin" with MS VC++ 16.7 (VS2019)

END.
